<?xml version="1.0" encoding="UTF-8"?>
<testsuites name="TEST_S_METALDOM_EV" time="212.173" tests="6" failures="0" skips="0" errors="0">
   <testsuite name="TEST_S_METALDOM_EV" tests="6" failures="0" errors="0" time="212.173" skips="0" timestamp="2021-04-16 11:36:43" hostname="joel_ - DESKTOP-EAUO6T0" id="Test Suites/TEST_METALDOM/TEST_S_METALDOM_EV">
      <properties>
         <property name="deviceName" value=""/>
         <property name="devicePlatform" value=""/>
         <property name="logFolder" value="C:\\Users\\joel_\\git\\METALDOM\\Reports\\20210416_113637\\TEST_METALDOM\\TEST_S_METALDOM_EV\\20210416_113637"/>
         <property name="logFiles" value="C:\\Users\\joel_\\git\\METALDOM\\Reports\\20210416_113637\\TEST_METALDOM\\TEST_S_METALDOM_EV\\20210416_113637\\execution0.log"/>
         <property name="attachments" value=""/>
         <property name="hostName" value="joel_ - DESKTOP-EAUO6T0"/>
         <property name="os" value="Windows 10 64bit"/>
         <property name="katalonVersion" value="7.9.1.208"/>
         <property name="browser" value="Edge Chromium 89"/>
         <property name="hostAddress" value="192.168.0.94"/>
         <property name="sessionId" value="cd752e927d6a1b711397932b352f9367"/>
         <property name="seleniumVersion" value="3.141.59"/>
         <property name="proxyInformation" value="ProxyInformation { proxyOption=NO_PROXY, proxyServerType=HTTP, username=, password=********, proxyServerAddress=, proxyServerPort=0, executionList=&quot;&quot;, isApplyToDesiredCapabilities=true }"/>
         <property name="platform" value="Windows 10"/>
      </properties>
      <testcase name="Test Cases/TEST-METALDOM/TEST-C-LOGIN-CEDULA" time="14.209" classname="Test Cases/TEST-METALDOM/TEST-C-LOGIN-CEDULA" status="PASSED">
         <system-out><![CDATA[2021-04-16 11:36:45 - [TEST_CASE][PASSED] - Test Cases/TEST-METALDOM/TEST-C-LOGIN-CEDULA: Test Cases/TEST-METALDOM/TEST-C-LOGIN-CEDULA

2021-04-16 11:36:46 - [TEST_STEP][PASSED] - openBrowser(""): Browser is opened with url: ''

2021-04-16 11:36:46 - [MESSAGE][INFO] - Starting 'Edge Chromium' driver

2021-04-16 11:36:47 - [MESSAGE][INFO] - Action delay is set to 0 milliseconds

2021-04-16 11:36:48 - [MESSAGE][PASSED] - Browser is opened with url: ''

2021-04-16 11:36:48 - [TEST_STEP][PASSED] - maximizeWindow(): Current window maximized

2021-04-16 11:36:48 - [MESSAGE][PASSED] - Current window maximized

2021-04-16 11:36:48 - [TEST_STEP][PASSED] - navigateToUrl("https://metaldomsx.b2clogin.com/metaldomsx.onmicrosoft.com/b2c_1_identity_provider/oauth2/v2.0/authorize?response_type=id_token&scope=openid%20profile&client_id=a8322c90-a407-4733-ab42-7befe6ab3e2c&redirect_uri=https%3A%2F%2Fsxmetaldomfe.azurewebsites.net%2F&state=eyJpZCI6IjFjNmNkMTJkLTY1YjYtNDc4ZS1hMjYwLTc5OTg5ZmRhNzk4MiIsInRzIjoxNjE3OTA2NTgwLCJtZXRob2QiOiJyZWRpcmVjdEludGVyYWN0aW9uIn0%3D&nonce=eb69c372-acb1-4163-8f5b-c25aec8069a5&client_info=1&x-client-SKU=MSAL.JS&x-client-Ver=msal&client-request-id=e9d838ff-741e-4e5e-8e48-e0c967052cf2&response_mode=fragment"): Navigate to 'https://metaldomsx.b2clogin.com/metaldomsx.onmicrosoft.com/b2c_1_identity_provider/oauth2/v2.0/authorize?response_type=id_token&scope=openid%20profile&client_id=a8322c90-a407-4733-ab42-7befe6ab3e2c&redirect_uri=https%3A%2F%2Fsxmetaldomfe.azurewebsites.net%2F&state=eyJpZCI6IjFjNmNkMTJkLTY1YjYtNDc4ZS1hMjYwLTc5OTg5ZmRhNzk4MiIsInRzIjoxNjE3OTA2NTgwLCJtZXRob2QiOiJyZWRpcmVjdEludGVyYWN0aW9uIn0%3D&nonce=eb69c372-acb1-4163-8f5b-c25aec8069a5&client_info=1&x-client-SKU=MSAL.JS&x-client-Ver=msal&client-request-id=e9d838ff-741e-4e5e-8e48-e0c967052cf2&response_mode=fragment' successfully

2021-04-16 11:36:51 - [MESSAGE][PASSED] - Navigate to 'https://metaldomsx.b2clogin.com/metaldomsx.onmicrosoft.com/b2c_1_identity_provider/oauth2/v2.0/authorize?response_type=id_token&scope=openid%20profile&client_id=a8322c90-a407-4733-ab42-7befe6ab3e2c&redirect_uri=https%3A%2F%2Fsxmetaldomfe.azurewebsites.net%2F&state=eyJpZCI6IjFjNmNkMTJkLTY1YjYtNDc4ZS1hMjYwLTc5OTg5ZmRhNzk4MiIsInRzIjoxNjE3OTA2NTgwLCJtZXRob2QiOiJyZWRpcmVjdEludGVyYWN0aW9uIn0%3D&nonce=eb69c372-acb1-4163-8f5b-c25aec8069a5&client_info=1&x-client-SKU=MSAL.JS&x-client-Ver=msal&client-request-id=e9d838ff-741e-4e5e-8e48-e0c967052cf2&response_mode=fragment' successfully

2021-04-16 11:36:51 - [TEST_STEP][PASSED] - verifyElementPresent(findTestObject("METALDOM_LOGIN/Page_Sign in/input_Username or email address_Username or email address"), 0): Object 'Object Repository/METALDOM_LOGIN/Page_Sign in/input_Username or email address_Username or email address' is present

2021-04-16 11:36:51 - [MESSAGE][WARNING] - Timeout '0' is invalid. Using default page load timeout: '30'

2021-04-16 11:36:51 - [MESSAGE][PASSED] - Object 'Object Repository/METALDOM_LOGIN/Page_Sign in/input_Username or email address_Username or email address' is present

2021-04-16 11:36:51 - [TEST_STEP][PASSED] - verifyElementPresent(findTestObject("METALDOM_LOGIN/Page_Sign in/input_Olvid su contrasea_Contrasea"), 0): Object 'Object Repository/METALDOM_LOGIN/Page_Sign in/input_Olvid su contrasea_Contrasea' is present

2021-04-16 11:36:52 - [MESSAGE][WARNING] - Timeout '0' is invalid. Using default page load timeout: '30'

2021-04-16 11:36:52 - [MESSAGE][PASSED] - Object 'Object Repository/METALDOM_LOGIN/Page_Sign in/input_Olvid su contrasea_Contrasea' is present

2021-04-16 11:36:52 - [TEST_STEP][PASSED] - focus(findTestObject("METALDOM_LOGIN/Page_Sign in/input_Username or email address_Username or email address")): Object: 'Object Repository/METALDOM_LOGIN/Page_Sign in/input_Username or email address_Username or email address' is focused

2021-04-16 11:36:52 - [MESSAGE][PASSED] - Object: 'Object Repository/METALDOM_LOGIN/Page_Sign in/input_Username or email address_Username or email address' is focused

2021-04-16 11:36:52 - [TEST_STEP][PASSED] - setText(findTestObject("METALDOM_LOGIN/Page_Sign in/input_Username or email address_Username or email address"), USER_CEDULA): Text '40209136635' is set on object 'Object Repository/METALDOM_LOGIN/Page_Sign in/input_Username or email address_Username or email address'

2021-04-16 11:36:55 - [MESSAGE][PASSED] - Text '40209136635' is set on object 'Object Repository/METALDOM_LOGIN/Page_Sign in/input_Username or email address_Username or email address'

2021-04-16 11:36:55 - [TEST_STEP][PASSED] - focus(findTestObject("METALDOM_LOGIN/Page_Sign in/input_Olvid su contrasea_Contrasea")): Object: 'Object Repository/METALDOM_LOGIN/Page_Sign in/input_Olvid su contrasea_Contrasea' is focused

2021-04-16 11:36:55 - [MESSAGE][PASSED] - Object: 'Object Repository/METALDOM_LOGIN/Page_Sign in/input_Olvid su contrasea_Contrasea' is focused

2021-04-16 11:36:55 - [TEST_STEP][PASSED] - setText(findTestObject("METALDOM_LOGIN/Page_Sign in/input_Olvid su contrasea_Contrasea"), PASS_CEDULA): Text 'JB19982010.' is set on object 'Object Repository/METALDOM_LOGIN/Page_Sign in/input_Olvid su contrasea_Contrasea'

2021-04-16 11:36:55 - [MESSAGE][PASSED] - Text 'JB19982010.' is set on object 'Object Repository/METALDOM_LOGIN/Page_Sign in/input_Olvid su contrasea_Contrasea'

2021-04-16 11:36:55 - [TEST_STEP][PASSED] - click(findTestObject("METALDOM_LOGIN/Page_Sign in/button_Iniciar sesin")): Object: 'Object Repository/METALDOM_LOGIN/Page_Sign in/button_Iniciar sesin' is clicked on

2021-04-16 11:36:55 - [MESSAGE][PASSED] - Object: 'Object Repository/METALDOM_LOGIN/Page_Sign in/button_Iniciar sesin' is clicked on

2021-04-16 11:36:55 - [TEST_STEP][PASSED] - waitForPageLoad(3): Wait for page load successfully

2021-04-16 11:36:56 - [MESSAGE][PASSED] - Wait for page load successfully

2021-04-16 11:36:56 - [TEST_STEP][PASSED] - delay(3): Delayed 3 second(s)

2021-04-16 11:36:59 - [MESSAGE][PASSED] - Delayed 3 second(s)

2021-04-16 11:36:59 - [TEST_STEP][PASSED] - closeBrowser(): Browser is closed

2021-04-16 11:36:59 - [MESSAGE][PASSED] - Browser is closed]]></system-out>
         <system-err><![CDATA[]]></system-err>
      </testcase>
      <testcase name="Test Cases/TEST-METALDOM/TEST-C-LOGIN-CORREO" time="7.059" classname="Test Cases/TEST-METALDOM/TEST-C-LOGIN-CORREO" status="PASSED">
         <system-out><![CDATA[2021-04-16 11:36:59 - [TEST_CASE][PASSED] - Test Cases/TEST-METALDOM/TEST-C-LOGIN-CORREO: Test Cases/TEST-METALDOM/TEST-C-LOGIN-CORREO

2021-04-16 11:37:00 - [TEST_STEP][PASSED] - openBrowser(""): Browser is opened with url: ''

2021-04-16 11:37:00 - [MESSAGE][INFO] - Starting 'Edge Chromium' driver

2021-04-16 11:37:00 - [MESSAGE][INFO] - Action delay is set to 0 milliseconds

2021-04-16 11:37:01 - [MESSAGE][PASSED] - Browser is opened with url: ''

2021-04-16 11:37:01 - [TEST_STEP][PASSED] - maximizeWindow(): Current window maximized

2021-04-16 11:37:01 - [MESSAGE][PASSED] - Current window maximized

2021-04-16 11:37:01 - [TEST_STEP][PASSED] - navigateToUrl("https://metaldomsx.b2clogin.com/metaldomsx.onmicrosoft.com/b2c_1_identity_provider/oauth2/v2.0/authorize?response_type=id_token&scope=openid%20profile&client_id=a8322c90-a407-4733-ab42-7befe6ab3e2c&redirect_uri=https%3A%2F%2Fsxmetaldomfe.azurewebsites.net%2F&state=eyJpZCI6IjFjNmNkMTJkLTY1YjYtNDc4ZS1hMjYwLTc5OTg5ZmRhNzk4MiIsInRzIjoxNjE3OTA2NTgwLCJtZXRob2QiOiJyZWRpcmVjdEludGVyYWN0aW9uIn0%3D&nonce=eb69c372-acb1-4163-8f5b-c25aec8069a5&client_info=1&x-client-SKU=MSAL.JS&x-client-Ver=msal&client-request-id=e9d838ff-741e-4e5e-8e48-e0c967052cf2&response_mode=fragment"): Navigate to 'https://metaldomsx.b2clogin.com/metaldomsx.onmicrosoft.com/b2c_1_identity_provider/oauth2/v2.0/authorize?response_type=id_token&scope=openid%20profile&client_id=a8322c90-a407-4733-ab42-7befe6ab3e2c&redirect_uri=https%3A%2F%2Fsxmetaldomfe.azurewebsites.net%2F&state=eyJpZCI6IjFjNmNkMTJkLTY1YjYtNDc4ZS1hMjYwLTc5OTg5ZmRhNzk4MiIsInRzIjoxNjE3OTA2NTgwLCJtZXRob2QiOiJyZWRpcmVjdEludGVyYWN0aW9uIn0%3D&nonce=eb69c372-acb1-4163-8f5b-c25aec8069a5&client_info=1&x-client-SKU=MSAL.JS&x-client-Ver=msal&client-request-id=e9d838ff-741e-4e5e-8e48-e0c967052cf2&response_mode=fragment' successfully

2021-04-16 11:37:03 - [MESSAGE][PASSED] - Navigate to 'https://metaldomsx.b2clogin.com/metaldomsx.onmicrosoft.com/b2c_1_identity_provider/oauth2/v2.0/authorize?response_type=id_token&scope=openid%20profile&client_id=a8322c90-a407-4733-ab42-7befe6ab3e2c&redirect_uri=https%3A%2F%2Fsxmetaldomfe.azurewebsites.net%2F&state=eyJpZCI6IjFjNmNkMTJkLTY1YjYtNDc4ZS1hMjYwLTc5OTg5ZmRhNzk4MiIsInRzIjoxNjE3OTA2NTgwLCJtZXRob2QiOiJyZWRpcmVjdEludGVyYWN0aW9uIn0%3D&nonce=eb69c372-acb1-4163-8f5b-c25aec8069a5&client_info=1&x-client-SKU=MSAL.JS&x-client-Ver=msal&client-request-id=e9d838ff-741e-4e5e-8e48-e0c967052cf2&response_mode=fragment' successfully

2021-04-16 11:37:03 - [TEST_STEP][PASSED] - verifyElementPresent(findTestObject("METALDOM_LOGIN/Page_Sign in/input_Username or email address_Username or email address"), 0): Object 'Object Repository/METALDOM_LOGIN/Page_Sign in/input_Username or email address_Username or email address' is present

2021-04-16 11:37:03 - [MESSAGE][WARNING] - Timeout '0' is invalid. Using default page load timeout: '30'

2021-04-16 11:37:03 - [MESSAGE][PASSED] - Object 'Object Repository/METALDOM_LOGIN/Page_Sign in/input_Username or email address_Username or email address' is present

2021-04-16 11:37:03 - [TEST_STEP][PASSED] - verifyElementPresent(findTestObject("METALDOM_LOGIN/Page_Sign in/input_Olvid su contrasea_Contrasea"), 0): Object 'Object Repository/METALDOM_LOGIN/Page_Sign in/input_Olvid su contrasea_Contrasea' is present

2021-04-16 11:37:03 - [MESSAGE][WARNING] - Timeout '0' is invalid. Using default page load timeout: '30'

2021-04-16 11:37:03 - [MESSAGE][PASSED] - Object 'Object Repository/METALDOM_LOGIN/Page_Sign in/input_Olvid su contrasea_Contrasea' is present

2021-04-16 11:37:03 - [TEST_STEP][PASSED] - focus(findTestObject("METALDOM_LOGIN/Page_Sign in/input_Username or email address_Username or email address")): Object: 'Object Repository/METALDOM_LOGIN/Page_Sign in/input_Username or email address_Username or email address' is focused

2021-04-16 11:37:04 - [MESSAGE][PASSED] - Object: 'Object Repository/METALDOM_LOGIN/Page_Sign in/input_Username or email address_Username or email address' is focused

2021-04-16 11:37:04 - [TEST_STEP][PASSED] - setText(findTestObject("METALDOM_LOGIN/Page_Sign in/input_Username or email address_Username or email address"), USER_EMAIL): Text 'diogenes.polanco@solvex.com.do' is set on object 'Object Repository/METALDOM_LOGIN/Page_Sign in/input_Username or email address_Username or email address'

2021-04-16 11:37:04 - [MESSAGE][PASSED] - Text 'diogenes.polanco@solvex.com.do' is set on object 'Object Repository/METALDOM_LOGIN/Page_Sign in/input_Username or email address_Username or email address'

2021-04-16 11:37:04 - [TEST_STEP][PASSED] - focus(findTestObject("METALDOM_LOGIN/Page_Sign in/input_Olvid su contrasea_Contrasea")): Object: 'Object Repository/METALDOM_LOGIN/Page_Sign in/input_Olvid su contrasea_Contrasea' is focused

2021-04-16 11:37:04 - [MESSAGE][PASSED] - Object: 'Object Repository/METALDOM_LOGIN/Page_Sign in/input_Olvid su contrasea_Contrasea' is focused

2021-04-16 11:37:04 - [TEST_STEP][PASSED] - setText(findTestObject("METALDOM_LOGIN/Page_Sign in/input_Olvid su contrasea_Contrasea"), PASS_EMAIL): Text '@n@05021990' is set on object 'Object Repository/METALDOM_LOGIN/Page_Sign in/input_Olvid su contrasea_Contrasea'

2021-04-16 11:37:04 - [MESSAGE][PASSED] - Text '@n@05021990' is set on object 'Object Repository/METALDOM_LOGIN/Page_Sign in/input_Olvid su contrasea_Contrasea'

2021-04-16 11:37:04 - [TEST_STEP][PASSED] - click(findTestObject("METALDOM_LOGIN/Page_Sign in/button_Iniciar sesin")): Object: 'Object Repository/METALDOM_LOGIN/Page_Sign in/button_Iniciar sesin' is clicked on

2021-04-16 11:37:04 - [MESSAGE][PASSED] - Object: 'Object Repository/METALDOM_LOGIN/Page_Sign in/button_Iniciar sesin' is clicked on

2021-04-16 11:37:04 - [TEST_STEP][PASSED] - waitForPageLoad(3): Wait for page load successfully

2021-04-16 11:37:04 - [MESSAGE][PASSED] - Wait for page load successfully

2021-04-16 11:37:04 - [TEST_STEP][PASSED] - delay(2): Delayed 2 second(s)

2021-04-16 11:37:06 - [MESSAGE][PASSED] - Delayed 2 second(s)]]></system-out>
         <system-err><![CDATA[]]></system-err>
      </testcase>
      <testcase name="Test Cases/TEST-METALDOM/TEST-C-TIPOS_PREMIOS" time="42.615" classname="Test Cases/TEST-METALDOM/TEST-C-TIPOS_PREMIOS" status="PASSED">
         <system-out><![CDATA[2021-04-16 11:37:07 - [TEST_CASE][PASSED] - Test Cases/TEST-METALDOM/TEST-C-TIPOS_PREMIOS: Test Cases/TEST-METALDOM/TEST-C-TIPOS_PREMIOS

2021-04-16 11:37:07 - [TEST_STEP][PASSED] - callTestCase(findTestCase("TEST-METALDOM/TEST-C-LOGIN-CORREO"), [:], STOP_ON_FAILURE): Call Test Case 'Test Cases/TEST-METALDOM/TEST-C-LOGIN-CORREO' successfully

2021-04-16 11:37:07 - [TEST_CASE][PASSED] - Test Cases/TEST-METALDOM/TEST-C-LOGIN-CORREO: Test Cases/TEST-METALDOM/TEST-C-LOGIN-CORREO

2021-04-16 11:37:07 - [TEST_STEP][PASSED] - openBrowser(""): Browser is opened with url: ''

2021-04-16 11:37:07 - [MESSAGE][WARNING] - A browser is already opened. Closing browser and opening a new one

2021-04-16 11:37:08 - [MESSAGE][INFO] - Starting 'Edge Chromium' driver

2021-04-16 11:37:08 - [MESSAGE][INFO] - Action delay is set to 0 milliseconds

2021-04-16 11:37:09 - [MESSAGE][PASSED] - Browser is opened with url: ''

2021-04-16 11:37:09 - [TEST_STEP][PASSED] - maximizeWindow(): Current window maximized

2021-04-16 11:37:09 - [MESSAGE][PASSED] - Current window maximized

2021-04-16 11:37:09 - [TEST_STEP][PASSED] - navigateToUrl("https://metaldomsx.b2clogin.com/metaldomsx.onmicrosoft.com/b2c_1_identity_provider/oauth2/v2.0/authorize?response_type=id_token&scope=openid%20profile&client_id=a8322c90-a407-4733-ab42-7befe6ab3e2c&redirect_uri=https%3A%2F%2Fsxmetaldomfe.azurewebsites.net%2F&state=eyJpZCI6IjFjNmNkMTJkLTY1YjYtNDc4ZS1hMjYwLTc5OTg5ZmRhNzk4MiIsInRzIjoxNjE3OTA2NTgwLCJtZXRob2QiOiJyZWRpcmVjdEludGVyYWN0aW9uIn0%3D&nonce=eb69c372-acb1-4163-8f5b-c25aec8069a5&client_info=1&x-client-SKU=MSAL.JS&x-client-Ver=msal&client-request-id=e9d838ff-741e-4e5e-8e48-e0c967052cf2&response_mode=fragment"): Navigate to 'https://metaldomsx.b2clogin.com/metaldomsx.onmicrosoft.com/b2c_1_identity_provider/oauth2/v2.0/authorize?response_type=id_token&scope=openid%20profile&client_id=a8322c90-a407-4733-ab42-7befe6ab3e2c&redirect_uri=https%3A%2F%2Fsxmetaldomfe.azurewebsites.net%2F&state=eyJpZCI6IjFjNmNkMTJkLTY1YjYtNDc4ZS1hMjYwLTc5OTg5ZmRhNzk4MiIsInRzIjoxNjE3OTA2NTgwLCJtZXRob2QiOiJyZWRpcmVjdEludGVyYWN0aW9uIn0%3D&nonce=eb69c372-acb1-4163-8f5b-c25aec8069a5&client_info=1&x-client-SKU=MSAL.JS&x-client-Ver=msal&client-request-id=e9d838ff-741e-4e5e-8e48-e0c967052cf2&response_mode=fragment' successfully

2021-04-16 11:37:12 - [MESSAGE][PASSED] - Navigate to 'https://metaldomsx.b2clogin.com/metaldomsx.onmicrosoft.com/b2c_1_identity_provider/oauth2/v2.0/authorize?response_type=id_token&scope=openid%20profile&client_id=a8322c90-a407-4733-ab42-7befe6ab3e2c&redirect_uri=https%3A%2F%2Fsxmetaldomfe.azurewebsites.net%2F&state=eyJpZCI6IjFjNmNkMTJkLTY1YjYtNDc4ZS1hMjYwLTc5OTg5ZmRhNzk4MiIsInRzIjoxNjE3OTA2NTgwLCJtZXRob2QiOiJyZWRpcmVjdEludGVyYWN0aW9uIn0%3D&nonce=eb69c372-acb1-4163-8f5b-c25aec8069a5&client_info=1&x-client-SKU=MSAL.JS&x-client-Ver=msal&client-request-id=e9d838ff-741e-4e5e-8e48-e0c967052cf2&response_mode=fragment' successfully

2021-04-16 11:37:12 - [TEST_STEP][PASSED] - verifyElementPresent(findTestObject("METALDOM_LOGIN/Page_Sign in/input_Username or email address_Username or email address"), 0): Object 'Object Repository/METALDOM_LOGIN/Page_Sign in/input_Username or email address_Username or email address' is present

2021-04-16 11:37:12 - [MESSAGE][WARNING] - Timeout '0' is invalid. Using default page load timeout: '30'

2021-04-16 11:37:12 - [MESSAGE][PASSED] - Object 'Object Repository/METALDOM_LOGIN/Page_Sign in/input_Username or email address_Username or email address' is present

2021-04-16 11:37:12 - [TEST_STEP][PASSED] - verifyElementPresent(findTestObject("METALDOM_LOGIN/Page_Sign in/input_Olvid su contrasea_Contrasea"), 0): Object 'Object Repository/METALDOM_LOGIN/Page_Sign in/input_Olvid su contrasea_Contrasea' is present

2021-04-16 11:37:12 - [MESSAGE][WARNING] - Timeout '0' is invalid. Using default page load timeout: '30'

2021-04-16 11:37:12 - [MESSAGE][PASSED] - Object 'Object Repository/METALDOM_LOGIN/Page_Sign in/input_Olvid su contrasea_Contrasea' is present

2021-04-16 11:37:12 - [TEST_STEP][PASSED] - focus(findTestObject("METALDOM_LOGIN/Page_Sign in/input_Username or email address_Username or email address")): Object: 'Object Repository/METALDOM_LOGIN/Page_Sign in/input_Username or email address_Username or email address' is focused

2021-04-16 11:37:12 - [MESSAGE][PASSED] - Object: 'Object Repository/METALDOM_LOGIN/Page_Sign in/input_Username or email address_Username or email address' is focused

2021-04-16 11:37:12 - [TEST_STEP][PASSED] - setText(findTestObject("METALDOM_LOGIN/Page_Sign in/input_Username or email address_Username or email address"), USER_EMAIL): Text 'diogenes.polanco@solvex.com.do' is set on object 'Object Repository/METALDOM_LOGIN/Page_Sign in/input_Username or email address_Username or email address'

2021-04-16 11:37:13 - [MESSAGE][PASSED] - Text 'diogenes.polanco@solvex.com.do' is set on object 'Object Repository/METALDOM_LOGIN/Page_Sign in/input_Username or email address_Username or email address'

2021-04-16 11:37:13 - [TEST_STEP][PASSED] - focus(findTestObject("METALDOM_LOGIN/Page_Sign in/input_Olvid su contrasea_Contrasea")): Object: 'Object Repository/METALDOM_LOGIN/Page_Sign in/input_Olvid su contrasea_Contrasea' is focused

2021-04-16 11:37:13 - [MESSAGE][PASSED] - Object: 'Object Repository/METALDOM_LOGIN/Page_Sign in/input_Olvid su contrasea_Contrasea' is focused

2021-04-16 11:37:13 - [TEST_STEP][PASSED] - setText(findTestObject("METALDOM_LOGIN/Page_Sign in/input_Olvid su contrasea_Contrasea"), PASS_EMAIL): Text '@n@05021990' is set on object 'Object Repository/METALDOM_LOGIN/Page_Sign in/input_Olvid su contrasea_Contrasea'

2021-04-16 11:37:13 - [MESSAGE][PASSED] - Text '@n@05021990' is set on object 'Object Repository/METALDOM_LOGIN/Page_Sign in/input_Olvid su contrasea_Contrasea'

2021-04-16 11:37:13 - [TEST_STEP][PASSED] - click(findTestObject("METALDOM_LOGIN/Page_Sign in/button_Iniciar sesin")): Object: 'Object Repository/METALDOM_LOGIN/Page_Sign in/button_Iniciar sesin' is clicked on

2021-04-16 11:37:13 - [MESSAGE][PASSED] - Object: 'Object Repository/METALDOM_LOGIN/Page_Sign in/button_Iniciar sesin' is clicked on

2021-04-16 11:37:13 - [TEST_STEP][PASSED] - waitForPageLoad(3): Wait for page load successfully

2021-04-16 11:37:13 - [MESSAGE][PASSED] - Wait for page load successfully

2021-04-16 11:37:13 - [TEST_STEP][PASSED] - delay(2): Delayed 2 second(s)

2021-04-16 11:37:15 - [MESSAGE][PASSED] - Delayed 2 second(s)

2021-04-16 11:37:15 - [MESSAGE][PASSED] - Call Test Case 'Test Cases/TEST-METALDOM/TEST-C-LOGIN-CORREO' successfully

2021-04-16 11:37:15 - [TEST_STEP][PASSED] - waitForPageLoad(3): Wait for page load successfully

2021-04-16 11:37:17 - [MESSAGE][PASSED] - Wait for page load successfully

2021-04-16 11:37:17 - [TEST_STEP][PASSED] - delay(6): Delayed 6 second(s)

2021-04-16 11:37:23 - [MESSAGE][PASSED] - Delayed 6 second(s)

2021-04-16 11:37:23 - [TEST_STEP][PASSED] - verifyElementPresent(findTestObject("METALDOM_OR/TIPOS_PREMIOS/Page_base-fe/span_Tipos de Premios"), 0): Object 'Object Repository/METALDOM_OR/TIPOS_PREMIOS/Page_base-fe/span_Tipos de Premios' is present

2021-04-16 11:37:24 - [MESSAGE][WARNING] - Timeout '0' is invalid. Using default page load timeout: '30'

2021-04-16 11:37:24 - [MESSAGE][PASSED] - Object 'Object Repository/METALDOM_OR/TIPOS_PREMIOS/Page_base-fe/span_Tipos de Premios' is present

2021-04-16 11:37:24 - [TEST_STEP][PASSED] - delay(3): Delayed 3 second(s)

2021-04-16 11:37:27 - [MESSAGE][PASSED] - Delayed 3 second(s)

2021-04-16 11:37:27 - [TEST_STEP][PASSED] - click(findTestObject("METALDOM_OR/TIPOS_PREMIOS/Page_base-fe/span_Tipos de Premios")): Object: 'Object Repository/METALDOM_OR/TIPOS_PREMIOS/Page_base-fe/span_Tipos de Premios' is clicked on

2021-04-16 11:37:27 - [MESSAGE][PASSED] - Object: 'Object Repository/METALDOM_OR/TIPOS_PREMIOS/Page_base-fe/span_Tipos de Premios' is clicked on

2021-04-16 11:37:27 - [TEST_STEP][PASSED] - delay(2): Delayed 2 second(s)

2021-04-16 11:37:29 - [MESSAGE][PASSED] - Delayed 2 second(s)

2021-04-16 11:37:29 - [TEST_STEP][PASSED] - for ([rowdata = 1, rowdata <= findTestData("Data Files/DATA METALDOM/TIPOS_PREMIOS").getRowNumbers(), (rowdata++)]): Delayed 3 second(s)

2021-04-16 11:37:29 - [TEST_STEP][PASSED] - click(findTestObject("METALDOM_OR/TIPOS_PREMIOS/Page_base-fe/a_Agregar")): Object: 'Object Repository/METALDOM_OR/TIPOS_PREMIOS/Page_base-fe/a_Agregar' is clicked on

2021-04-16 11:37:29 - [MESSAGE][PASSED] - Object: 'Object Repository/METALDOM_OR/TIPOS_PREMIOS/Page_base-fe/a_Agregar' is clicked on

2021-04-16 11:37:29 - [TEST_STEP][PASSED] - focus(findTestObject("METALDOM_OR/TIPOS_PREMIOS/Page_base-fe/input_Nombre_name")): Object: 'Object Repository/METALDOM_OR/TIPOS_PREMIOS/Page_base-fe/input_Nombre_name' is focused

2021-04-16 11:37:29 - [MESSAGE][PASSED] - Object: 'Object Repository/METALDOM_OR/TIPOS_PREMIOS/Page_base-fe/input_Nombre_name' is focused

2021-04-16 11:37:29 - [TEST_STEP][PASSED] - setText(findTestObject("METALDOM_OR/TIPOS_PREMIOS/Page_base-fe/input_Nombre_name"), findTestData("Data Files/DATA METALDOM/TIPOS_PREMIOS").getValue(1, rowdata)): Text 'PREMIOS DE VERANO' is set on object 'Object Repository/METALDOM_OR/TIPOS_PREMIOS/Page_base-fe/input_Nombre_name'

2021-04-16 11:37:30 - [MESSAGE][PASSED] - Text 'PREMIOS DE VERANO' is set on object 'Object Repository/METALDOM_OR/TIPOS_PREMIOS/Page_base-fe/input_Nombre_name'

2021-04-16 11:37:30 - [TEST_STEP][PASSED] - focus(findTestObject("METALDOM_OR/TIPOS_PREMIOS/Page_base-fe/input_Descripcin_description")): Object: 'Object Repository/METALDOM_OR/TIPOS_PREMIOS/Page_base-fe/input_Descripcin_description' is focused

2021-04-16 11:37:30 - [MESSAGE][PASSED] - Object: 'Object Repository/METALDOM_OR/TIPOS_PREMIOS/Page_base-fe/input_Descripcin_description' is focused

2021-04-16 11:37:30 - [TEST_STEP][PASSED] - setText(findTestObject("METALDOM_OR/TIPOS_PREMIOS/Page_base-fe/input_Descripcin_description"), findTestData("Data Files/DATA METALDOM/TIPOS_PREMIOS").getValue(2, rowdata)): Text 'PREMIOS QUE SERAN DATOS A CLIENTES QUE EN VERANO FACTUREN MAS DE 10,000 TN' is set on object 'Object Repository/METALDOM_OR/TIPOS_PREMIOS/Page_base-fe/input_Descripcin_description'

2021-04-16 11:37:30 - [MESSAGE][PASSED] - Text 'PREMIOS QUE SERAN DATOS A CLIENTES QUE EN VERANO FACTUREN MAS DE 10,000 TN' is set on object 'Object Repository/METALDOM_OR/TIPOS_PREMIOS/Page_base-fe/input_Descripcin_description'

2021-04-16 11:37:30 - [TEST_STEP][PASSED] - delay(3): Delayed 3 second(s)

2021-04-16 11:37:33 - [MESSAGE][PASSED] - Delayed 3 second(s)

2021-04-16 11:37:33 - [TEST_STEP][PASSED] - click(findTestObject("METALDOM_OR/TIPOS_PREMIOS/Page_base-fe/button_Guardar")): Object: 'Object Repository/METALDOM_OR/TIPOS_PREMIOS/Page_base-fe/button_Guardar' is clicked on

2021-04-16 11:37:33 - [MESSAGE][PASSED] - Object: 'Object Repository/METALDOM_OR/TIPOS_PREMIOS/Page_base-fe/button_Guardar' is clicked on

2021-04-16 11:37:33 - [TEST_STEP][PASSED] - delay(3): Delayed 3 second(s)

2021-04-16 11:37:36 - [MESSAGE][PASSED] - Delayed 3 second(s)

2021-04-16 11:37:36 - [TEST_STEP][PASSED] - click(findTestObject("METALDOM_OR/TIPOS_PREMIOS/Page_base-fe/a_Agregar")): Object: 'Object Repository/METALDOM_OR/TIPOS_PREMIOS/Page_base-fe/a_Agregar' is clicked on

2021-04-16 11:37:37 - [MESSAGE][PASSED] - Object: 'Object Repository/METALDOM_OR/TIPOS_PREMIOS/Page_base-fe/a_Agregar' is clicked on

2021-04-16 11:37:37 - [TEST_STEP][PASSED] - focus(findTestObject("METALDOM_OR/TIPOS_PREMIOS/Page_base-fe/input_Nombre_name")): Object: 'Object Repository/METALDOM_OR/TIPOS_PREMIOS/Page_base-fe/input_Nombre_name' is focused

2021-04-16 11:37:37 - [MESSAGE][PASSED] - Object: 'Object Repository/METALDOM_OR/TIPOS_PREMIOS/Page_base-fe/input_Nombre_name' is focused

2021-04-16 11:37:37 - [TEST_STEP][PASSED] - setText(findTestObject("METALDOM_OR/TIPOS_PREMIOS/Page_base-fe/input_Nombre_name"), findTestData("Data Files/DATA METALDOM/TIPOS_PREMIOS").getValue(1, rowdata)): Text 'PREMIOS CLIENTES VIP' is set on object 'Object Repository/METALDOM_OR/TIPOS_PREMIOS/Page_base-fe/input_Nombre_name'

2021-04-16 11:37:37 - [MESSAGE][PASSED] - Text 'PREMIOS CLIENTES VIP' is set on object 'Object Repository/METALDOM_OR/TIPOS_PREMIOS/Page_base-fe/input_Nombre_name'

2021-04-16 11:37:37 - [TEST_STEP][PASSED] - focus(findTestObject("METALDOM_OR/TIPOS_PREMIOS/Page_base-fe/input_Descripcin_description")): Object: 'Object Repository/METALDOM_OR/TIPOS_PREMIOS/Page_base-fe/input_Descripcin_description' is focused

2021-04-16 11:37:37 - [MESSAGE][PASSED] - Object: 'Object Repository/METALDOM_OR/TIPOS_PREMIOS/Page_base-fe/input_Descripcin_description' is focused

2021-04-16 11:37:37 - [TEST_STEP][PASSED] - setText(findTestObject("METALDOM_OR/TIPOS_PREMIOS/Page_base-fe/input_Descripcin_description"), findTestData("Data Files/DATA METALDOM/TIPOS_PREMIOS").getValue(2, rowdata)): Text 'PREMIOS QUE SERAN DATOS A CLIENTES QUE EN VERANO FACTUREN MAS DE 10,000 TN' is set on object 'Object Repository/METALDOM_OR/TIPOS_PREMIOS/Page_base-fe/input_Descripcin_description'

2021-04-16 11:37:38 - [MESSAGE][PASSED] - Text 'PREMIOS QUE SERAN DATOS A CLIENTES QUE EN VERANO FACTUREN MAS DE 10,000 TN' is set on object 'Object Repository/METALDOM_OR/TIPOS_PREMIOS/Page_base-fe/input_Descripcin_description'

2021-04-16 11:37:38 - [TEST_STEP][PASSED] - delay(3): Delayed 3 second(s)

2021-04-16 11:37:41 - [MESSAGE][PASSED] - Delayed 3 second(s)

2021-04-16 11:37:41 - [TEST_STEP][PASSED] - click(findTestObject("METALDOM_OR/TIPOS_PREMIOS/Page_base-fe/button_Guardar")): Object: 'Object Repository/METALDOM_OR/TIPOS_PREMIOS/Page_base-fe/button_Guardar' is clicked on

2021-04-16 11:37:41 - [MESSAGE][PASSED] - Object: 'Object Repository/METALDOM_OR/TIPOS_PREMIOS/Page_base-fe/button_Guardar' is clicked on

2021-04-16 11:37:41 - [TEST_STEP][PASSED] - delay(3): Delayed 3 second(s)

2021-04-16 11:37:44 - [MESSAGE][PASSED] - Delayed 3 second(s)

2021-04-16 11:37:44 - [TEST_STEP][PASSED] - click(findTestObject("Object Repository/METALDOM_OR/TIPOS_PREMIOS/Page_base-fe/span_Tipos de Premios")): Object: 'Object Repository/METALDOM_OR/TIPOS_PREMIOS/Page_base-fe/span_Tipos de Premios' is clicked on

2021-04-16 11:37:44 - [MESSAGE][PASSED] - Object: 'Object Repository/METALDOM_OR/TIPOS_PREMIOS/Page_base-fe/span_Tipos de Premios' is clicked on

2021-04-16 11:37:44 - [TEST_STEP][PASSED] - delay(4): Delayed 4 second(s)

2021-04-16 11:37:48 - [MESSAGE][PASSED] - Delayed 4 second(s)

2021-04-16 11:37:48 - [TEST_STEP][PASSED] - closeBrowser(): Browser is closed

2021-04-16 11:37:49 - [MESSAGE][PASSED] - Browser is closed]]></system-out>
         <system-err><![CDATA[]]></system-err>
      </testcase>
      <testcase name="Test Cases/TEST-METALDOM/TEST-C-AGREGAR_PREMIO" time="55.545" classname="Test Cases/TEST-METALDOM/TEST-C-AGREGAR_PREMIO" status="PASSED">
         <system-out><![CDATA[2021-04-16 11:37:49 - [TEST_CASE][PASSED] - Test Cases/TEST-METALDOM/TEST-C-AGREGAR_PREMIO: Test Cases/TEST-METALDOM/TEST-C-AGREGAR_PREMIO

2021-04-16 11:37:50 - [TEST_STEP][PASSED] - callTestCase(findTestCase("TEST-METALDOM/TEST-C-LOGIN-CORREO"), [:], STOP_ON_FAILURE): Call Test Case 'Test Cases/TEST-METALDOM/TEST-C-LOGIN-CORREO' successfully

2021-04-16 11:37:50 - [TEST_CASE][PASSED] - Test Cases/TEST-METALDOM/TEST-C-LOGIN-CORREO: Test Cases/TEST-METALDOM/TEST-C-LOGIN-CORREO

2021-04-16 11:37:50 - [TEST_STEP][PASSED] - openBrowser(""): Browser is opened with url: ''

2021-04-16 11:37:50 - [MESSAGE][INFO] - Starting 'Edge Chromium' driver

2021-04-16 11:37:50 - [MESSAGE][INFO] - Action delay is set to 0 milliseconds

2021-04-16 11:37:51 - [MESSAGE][PASSED] - Browser is opened with url: ''

2021-04-16 11:37:51 - [TEST_STEP][PASSED] - maximizeWindow(): Current window maximized

2021-04-16 11:37:51 - [MESSAGE][PASSED] - Current window maximized

2021-04-16 11:37:51 - [TEST_STEP][PASSED] - navigateToUrl("https://metaldomsx.b2clogin.com/metaldomsx.onmicrosoft.com/b2c_1_identity_provider/oauth2/v2.0/authorize?response_type=id_token&scope=openid%20profile&client_id=a8322c90-a407-4733-ab42-7befe6ab3e2c&redirect_uri=https%3A%2F%2Fsxmetaldomfe.azurewebsites.net%2F&state=eyJpZCI6IjFjNmNkMTJkLTY1YjYtNDc4ZS1hMjYwLTc5OTg5ZmRhNzk4MiIsInRzIjoxNjE3OTA2NTgwLCJtZXRob2QiOiJyZWRpcmVjdEludGVyYWN0aW9uIn0%3D&nonce=eb69c372-acb1-4163-8f5b-c25aec8069a5&client_info=1&x-client-SKU=MSAL.JS&x-client-Ver=msal&client-request-id=e9d838ff-741e-4e5e-8e48-e0c967052cf2&response_mode=fragment"): Navigate to 'https://metaldomsx.b2clogin.com/metaldomsx.onmicrosoft.com/b2c_1_identity_provider/oauth2/v2.0/authorize?response_type=id_token&scope=openid%20profile&client_id=a8322c90-a407-4733-ab42-7befe6ab3e2c&redirect_uri=https%3A%2F%2Fsxmetaldomfe.azurewebsites.net%2F&state=eyJpZCI6IjFjNmNkMTJkLTY1YjYtNDc4ZS1hMjYwLTc5OTg5ZmRhNzk4MiIsInRzIjoxNjE3OTA2NTgwLCJtZXRob2QiOiJyZWRpcmVjdEludGVyYWN0aW9uIn0%3D&nonce=eb69c372-acb1-4163-8f5b-c25aec8069a5&client_info=1&x-client-SKU=MSAL.JS&x-client-Ver=msal&client-request-id=e9d838ff-741e-4e5e-8e48-e0c967052cf2&response_mode=fragment' successfully

2021-04-16 11:37:53 - [MESSAGE][PASSED] - Navigate to 'https://metaldomsx.b2clogin.com/metaldomsx.onmicrosoft.com/b2c_1_identity_provider/oauth2/v2.0/authorize?response_type=id_token&scope=openid%20profile&client_id=a8322c90-a407-4733-ab42-7befe6ab3e2c&redirect_uri=https%3A%2F%2Fsxmetaldomfe.azurewebsites.net%2F&state=eyJpZCI6IjFjNmNkMTJkLTY1YjYtNDc4ZS1hMjYwLTc5OTg5ZmRhNzk4MiIsInRzIjoxNjE3OTA2NTgwLCJtZXRob2QiOiJyZWRpcmVjdEludGVyYWN0aW9uIn0%3D&nonce=eb69c372-acb1-4163-8f5b-c25aec8069a5&client_info=1&x-client-SKU=MSAL.JS&x-client-Ver=msal&client-request-id=e9d838ff-741e-4e5e-8e48-e0c967052cf2&response_mode=fragment' successfully

2021-04-16 11:37:53 - [TEST_STEP][PASSED] - verifyElementPresent(findTestObject("METALDOM_LOGIN/Page_Sign in/input_Username or email address_Username or email address"), 0): Object 'Object Repository/METALDOM_LOGIN/Page_Sign in/input_Username or email address_Username or email address' is present

2021-04-16 11:37:53 - [MESSAGE][WARNING] - Timeout '0' is invalid. Using default page load timeout: '30'

2021-04-16 11:37:54 - [MESSAGE][PASSED] - Object 'Object Repository/METALDOM_LOGIN/Page_Sign in/input_Username or email address_Username or email address' is present

2021-04-16 11:37:54 - [TEST_STEP][PASSED] - verifyElementPresent(findTestObject("METALDOM_LOGIN/Page_Sign in/input_Olvid su contrasea_Contrasea"), 0): Object 'Object Repository/METALDOM_LOGIN/Page_Sign in/input_Olvid su contrasea_Contrasea' is present

2021-04-16 11:37:54 - [MESSAGE][WARNING] - Timeout '0' is invalid. Using default page load timeout: '30'

2021-04-16 11:37:54 - [MESSAGE][PASSED] - Object 'Object Repository/METALDOM_LOGIN/Page_Sign in/input_Olvid su contrasea_Contrasea' is present

2021-04-16 11:37:54 - [TEST_STEP][PASSED] - focus(findTestObject("METALDOM_LOGIN/Page_Sign in/input_Username or email address_Username or email address")): Object: 'Object Repository/METALDOM_LOGIN/Page_Sign in/input_Username or email address_Username or email address' is focused

2021-04-16 11:37:54 - [MESSAGE][PASSED] - Object: 'Object Repository/METALDOM_LOGIN/Page_Sign in/input_Username or email address_Username or email address' is focused

2021-04-16 11:37:54 - [TEST_STEP][PASSED] - setText(findTestObject("METALDOM_LOGIN/Page_Sign in/input_Username or email address_Username or email address"), USER_EMAIL): Text 'diogenes.polanco@solvex.com.do' is set on object 'Object Repository/METALDOM_LOGIN/Page_Sign in/input_Username or email address_Username or email address'

2021-04-16 11:37:54 - [MESSAGE][PASSED] - Text 'diogenes.polanco@solvex.com.do' is set on object 'Object Repository/METALDOM_LOGIN/Page_Sign in/input_Username or email address_Username or email address'

2021-04-16 11:37:54 - [TEST_STEP][PASSED] - focus(findTestObject("METALDOM_LOGIN/Page_Sign in/input_Olvid su contrasea_Contrasea")): Object: 'Object Repository/METALDOM_LOGIN/Page_Sign in/input_Olvid su contrasea_Contrasea' is focused

2021-04-16 11:37:55 - [MESSAGE][PASSED] - Object: 'Object Repository/METALDOM_LOGIN/Page_Sign in/input_Olvid su contrasea_Contrasea' is focused

2021-04-16 11:37:55 - [TEST_STEP][PASSED] - setText(findTestObject("METALDOM_LOGIN/Page_Sign in/input_Olvid su contrasea_Contrasea"), PASS_EMAIL): Text '@n@05021990' is set on object 'Object Repository/METALDOM_LOGIN/Page_Sign in/input_Olvid su contrasea_Contrasea'

2021-04-16 11:37:55 - [MESSAGE][PASSED] - Text '@n@05021990' is set on object 'Object Repository/METALDOM_LOGIN/Page_Sign in/input_Olvid su contrasea_Contrasea'

2021-04-16 11:37:55 - [TEST_STEP][PASSED] - click(findTestObject("METALDOM_LOGIN/Page_Sign in/button_Iniciar sesin")): Object: 'Object Repository/METALDOM_LOGIN/Page_Sign in/button_Iniciar sesin' is clicked on

2021-04-16 11:37:55 - [MESSAGE][PASSED] - Object: 'Object Repository/METALDOM_LOGIN/Page_Sign in/button_Iniciar sesin' is clicked on

2021-04-16 11:37:55 - [TEST_STEP][PASSED] - waitForPageLoad(3): Wait for page load successfully

2021-04-16 11:37:55 - [MESSAGE][PASSED] - Wait for page load successfully

2021-04-16 11:37:55 - [TEST_STEP][PASSED] - delay(2): Delayed 2 second(s)

2021-04-16 11:37:57 - [MESSAGE][PASSED] - Delayed 2 second(s)

2021-04-16 11:37:57 - [MESSAGE][PASSED] - Call Test Case 'Test Cases/TEST-METALDOM/TEST-C-LOGIN-CORREO' successfully

2021-04-16 11:37:57 - [TEST_STEP][PASSED] - waitForPageLoad(0): Wait for page load successfully

2021-04-16 11:37:57 - [MESSAGE][WARNING] - Timeout '0' is invalid. Using default page load timeout: '30'

2021-04-16 11:37:59 - [MESSAGE][PASSED] - Wait for page load successfully

2021-04-16 11:37:59 - [TEST_STEP][PASSED] - delay(3): Delayed 3 second(s)

2021-04-16 11:38:02 - [MESSAGE][PASSED] - Delayed 3 second(s)

2021-04-16 11:38:02 - [TEST_STEP][PASSED] - verifyElementPresent(findTestObject("METALDOM_OR/AGREGAR_PREMIO_OR/Page_base-fe/span_Configuraciones de Premios"), 0): Object 'Object Repository/METALDOM_OR/AGREGAR_PREMIO_OR/Page_base-fe/span_Configuraciones de Premios' is present

2021-04-16 11:38:02 - [MESSAGE][WARNING] - Timeout '0' is invalid. Using default page load timeout: '30'

2021-04-16 11:38:02 - [MESSAGE][PASSED] - Object 'Object Repository/METALDOM_OR/AGREGAR_PREMIO_OR/Page_base-fe/span_Configuraciones de Premios' is present

2021-04-16 11:38:02 - [TEST_STEP][PASSED] - delay(4): Delayed 4 second(s)

2021-04-16 11:38:06 - [MESSAGE][PASSED] - Delayed 4 second(s)

2021-04-16 11:38:06 - [TEST_STEP][PASSED] - click(findTestObject("METALDOM_OR/AGREGAR_PREMIO_OR/Page_base-fe/span_Configuraciones de Premios")): Object: 'Object Repository/METALDOM_OR/AGREGAR_PREMIO_OR/Page_base-fe/span_Configuraciones de Premios' is clicked on

2021-04-16 11:38:07 - [MESSAGE][PASSED] - Object: 'Object Repository/METALDOM_OR/AGREGAR_PREMIO_OR/Page_base-fe/span_Configuraciones de Premios' is clicked on

2021-04-16 11:38:07 - [TEST_STEP][PASSED] - delay(3): Delayed 3 second(s)

2021-04-16 11:38:10 - [MESSAGE][PASSED] - Delayed 3 second(s)

2021-04-16 11:38:10 - [TEST_STEP][PASSED] - for ([rowdata = 1, rowdata <= findTestData("Data Files/DATA METALDOM/AGREGAR_PREMIOS").getRowNumbers(), (rowdata++)]): Refresh successfully

2021-04-16 11:38:10 - [TEST_STEP][PASSED] - click(findTestObject("METALDOM_OR/AGREGAR_PREMIO_OR/Page_base-fe/a_Agregar")): Object: 'Object Repository/METALDOM_OR/AGREGAR_PREMIO_OR/Page_base-fe/a_Agregar' is clicked on

2021-04-16 11:38:10 - [MESSAGE][PASSED] - Object: 'Object Repository/METALDOM_OR/AGREGAR_PREMIO_OR/Page_base-fe/a_Agregar' is clicked on

2021-04-16 11:38:10 - [TEST_STEP][PASSED] - scrollToPosition(0, 15): Browser is scrolled to position x = 0, y = 15

2021-04-16 11:38:10 - [MESSAGE][PASSED] - Browser is scrolled to position x = 0, y = 15

2021-04-16 11:38:10 - [TEST_STEP][PASSED] - verifyElementPresent(findTestObject("METALDOM_OR/AGREGAR_PREMIO_OR/Page_base-fe/input_Nombre_name"), 0): Object 'Object Repository/METALDOM_OR/AGREGAR_PREMIO_OR/Page_base-fe/input_Nombre_name' is present

2021-04-16 11:38:10 - [MESSAGE][WARNING] - Timeout '0' is invalid. Using default page load timeout: '30'

2021-04-16 11:38:10 - [MESSAGE][PASSED] - Object 'Object Repository/METALDOM_OR/AGREGAR_PREMIO_OR/Page_base-fe/input_Nombre_name' is present

2021-04-16 11:38:10 - [TEST_STEP][PASSED] - verifyElementPresent(findTestObject("METALDOM_OR/AGREGAR_PREMIO_OR/Page_base-fe/input_Descripcin_description"), 0): Object 'Object Repository/METALDOM_OR/AGREGAR_PREMIO_OR/Page_base-fe/input_Descripcin_description' is present

2021-04-16 11:38:10 - [MESSAGE][WARNING] - Timeout '0' is invalid. Using default page load timeout: '30'

2021-04-16 11:38:10 - [MESSAGE][PASSED] - Object 'Object Repository/METALDOM_OR/AGREGAR_PREMIO_OR/Page_base-fe/input_Descripcin_description' is present

2021-04-16 11:38:10 - [TEST_STEP][PASSED] - verifyElementPresent(findTestObject("METALDOM_OR/AGREGAR_PREMIO_OR/Page_base-fe/input_Puntos requeridos_requiredPoints"), 0): Object 'Object Repository/METALDOM_OR/AGREGAR_PREMIO_OR/Page_base-fe/input_Puntos requeridos_requiredPoints' is present

2021-04-16 11:38:10 - [MESSAGE][WARNING] - Timeout '0' is invalid. Using default page load timeout: '30'

2021-04-16 11:38:10 - [MESSAGE][PASSED] - Object 'Object Repository/METALDOM_OR/AGREGAR_PREMIO_OR/Page_base-fe/input_Puntos requeridos_requiredPoints' is present

2021-04-16 11:38:10 - [TEST_STEP][PASSED] - verifyElementPresent(findTestObject("METALDOM_OR/AGREGAR_PREMIO_OR/Page_base-fe/select_Premio para proveedores excelentes  Premios clientes Premium"), 0): Object 'Object Repository/METALDOM_OR/AGREGAR_PREMIO_OR/Page_base-fe/select_Premio para proveedores excelentes  Premios clientes Premium' is present

2021-04-16 11:38:10 - [MESSAGE][WARNING] - Timeout '0' is invalid. Using default page load timeout: '30'

2021-04-16 11:38:10 - [MESSAGE][PASSED] - Object 'Object Repository/METALDOM_OR/AGREGAR_PREMIO_OR/Page_base-fe/select_Premio para proveedores excelentes  Premios clientes Premium' is present

2021-04-16 11:38:10 - [TEST_STEP][PASSED] - verifyElementPresent(findTestObject("METALDOM_OR/AGREGAR_PREMIO_OR/Page_base-fe/input_Disponibles_available"), 0): Object 'Object Repository/METALDOM_OR/AGREGAR_PREMIO_OR/Page_base-fe/input_Disponibles_available' is present

2021-04-16 11:38:11 - [MESSAGE][WARNING] - Timeout '0' is invalid. Using default page load timeout: '30'

2021-04-16 11:38:11 - [MESSAGE][PASSED] - Object 'Object Repository/METALDOM_OR/AGREGAR_PREMIO_OR/Page_base-fe/input_Disponibles_available' is present

2021-04-16 11:38:11 - [TEST_STEP][PASSED] - verifyElementPresent(findTestObject("METALDOM_OR/AGREGAR_PREMIO_OR/Page_base-fe/span_Subir foto del premio"), 0): Object 'Object Repository/METALDOM_OR/AGREGAR_PREMIO_OR/Page_base-fe/span_Subir foto del premio' is present

2021-04-16 11:38:11 - [MESSAGE][WARNING] - Timeout '0' is invalid. Using default page load timeout: '30'

2021-04-16 11:38:11 - [MESSAGE][PASSED] - Object 'Object Repository/METALDOM_OR/AGREGAR_PREMIO_OR/Page_base-fe/span_Subir foto del premio' is present

2021-04-16 11:38:11 - [TEST_STEP][PASSED] - scrollToElement(findTestObject("METALDOM_OR/AGREGAR_PREMIO_OR/Page_base-fe/input_Disponibles_available"), 0): Scroll to object 'Object Repository/METALDOM_OR/AGREGAR_PREMIO_OR/Page_base-fe/input_Disponibles_available' successfully

2021-04-16 11:38:11 - [MESSAGE][WARNING] - Timeout '0' is invalid. Using default page load timeout: '30'

2021-04-16 11:38:11 - [MESSAGE][PASSED] - Scroll to object 'Object Repository/METALDOM_OR/AGREGAR_PREMIO_OR/Page_base-fe/input_Disponibles_available' successfully

2021-04-16 11:38:11 - [TEST_STEP][PASSED] - focus(findTestObject("METALDOM_OR/AGREGAR_PREMIO_OR/Page_base-fe/input_Nombre_name")): Object: 'Object Repository/METALDOM_OR/AGREGAR_PREMIO_OR/Page_base-fe/input_Nombre_name' is focused

2021-04-16 11:38:11 - [MESSAGE][PASSED] - Object: 'Object Repository/METALDOM_OR/AGREGAR_PREMIO_OR/Page_base-fe/input_Nombre_name' is focused

2021-04-16 11:38:11 - [TEST_STEP][PASSED] - setText(findTestObject("METALDOM_OR/AGREGAR_PREMIO_OR/Page_base-fe/input_Nombre_name"), findTestData("Data Files/DATA METALDOM/AGREGAR_PREMIOS").getValue(1, rowdata)): Text 'AURICULARES' is set on object 'Object Repository/METALDOM_OR/AGREGAR_PREMIO_OR/Page_base-fe/input_Nombre_name'

2021-04-16 11:38:11 - [MESSAGE][PASSED] - Text 'AURICULARES' is set on object 'Object Repository/METALDOM_OR/AGREGAR_PREMIO_OR/Page_base-fe/input_Nombre_name'

2021-04-16 11:38:11 - [TEST_STEP][PASSED] - focus(findTestObject("METALDOM_OR/AGREGAR_PREMIO_OR/Page_base-fe/input_Descripcin_description")): Object: 'Object Repository/METALDOM_OR/AGREGAR_PREMIO_OR/Page_base-fe/input_Descripcin_description' is focused

2021-04-16 11:38:11 - [MESSAGE][PASSED] - Object: 'Object Repository/METALDOM_OR/AGREGAR_PREMIO_OR/Page_base-fe/input_Descripcin_description' is focused

2021-04-16 11:38:11 - [TEST_STEP][PASSED] - setText(findTestObject("METALDOM_OR/AGREGAR_PREMIO_OR/Page_base-fe/input_Descripcin_description"), findTestData("Data Files/DATA METALDOM/AGREGAR_PREMIOS").getValue(2, rowdata)): Text 'AURICULARES CON BLUETOOTH 5.1 Y  BATERIA DE LARGA DURACION' is set on object 'Object Repository/METALDOM_OR/AGREGAR_PREMIO_OR/Page_base-fe/input_Descripcin_description'

2021-04-16 11:38:12 - [MESSAGE][PASSED] - Text 'AURICULARES CON BLUETOOTH 5.1 Y  BATERIA DE LARGA DURACION' is set on object 'Object Repository/METALDOM_OR/AGREGAR_PREMIO_OR/Page_base-fe/input_Descripcin_description'

2021-04-16 11:38:12 - [TEST_STEP][PASSED] - focus(findTestObject("METALDOM_OR/AGREGAR_PREMIO_OR/Page_base-fe/input_Puntos requeridos_requiredPoints")): Object: 'Object Repository/METALDOM_OR/AGREGAR_PREMIO_OR/Page_base-fe/input_Puntos requeridos_requiredPoints' is focused

2021-04-16 11:38:12 - [MESSAGE][PASSED] - Object: 'Object Repository/METALDOM_OR/AGREGAR_PREMIO_OR/Page_base-fe/input_Puntos requeridos_requiredPoints' is focused

2021-04-16 11:38:12 - [TEST_STEP][PASSED] - setText(findTestObject("METALDOM_OR/AGREGAR_PREMIO_OR/Page_base-fe/input_Puntos requeridos_requiredPoints"), findTestData("Data Files/DATA METALDOM/AGREGAR_PREMIOS").getValue(3, rowdata)): Text '2500' is set on object 'Object Repository/METALDOM_OR/AGREGAR_PREMIO_OR/Page_base-fe/input_Puntos requeridos_requiredPoints'

2021-04-16 11:38:12 - [MESSAGE][PASSED] - Text '2500' is set on object 'Object Repository/METALDOM_OR/AGREGAR_PREMIO_OR/Page_base-fe/input_Puntos requeridos_requiredPoints'

2021-04-16 11:38:12 - [TEST_STEP][PASSED] - selectOptionByIndex(findTestObject("METALDOM_OR/AGREGAR_PREMIO_OR/Page_base-fe/select_Premio para proveedores excelentes  Premios clientes Premium"), findTestData("DATA METALDOM/AGREGAR_PREMIOS").getValue(4, rowdata)): All options with index in [1] are selected on object 'Object Repository/METALDOM_OR/AGREGAR_PREMIO_OR/Page_base-fe/select_Premio para proveedores excelentes  Premios clientes Premium'

2021-04-16 11:38:13 - [MESSAGE][PASSED] - All options with index in [1] are selected on object 'Object Repository/METALDOM_OR/AGREGAR_PREMIO_OR/Page_base-fe/select_Premio para proveedores excelentes  Premios clientes Premium'

2021-04-16 11:38:13 - [TEST_STEP][PASSED] - focus(findTestObject("METALDOM_OR/AGREGAR_PREMIO_OR/Page_base-fe/input_Disponibles_available")): Object: 'Object Repository/METALDOM_OR/AGREGAR_PREMIO_OR/Page_base-fe/input_Disponibles_available' is focused

2021-04-16 11:38:13 - [MESSAGE][PASSED] - Object: 'Object Repository/METALDOM_OR/AGREGAR_PREMIO_OR/Page_base-fe/input_Disponibles_available' is focused

2021-04-16 11:38:13 - [TEST_STEP][PASSED] - setText(findTestObject("METALDOM_OR/AGREGAR_PREMIO_OR/Page_base-fe/input_Disponibles_available"), findTestData("Data Files/DATA METALDOM/AGREGAR_PREMIOS").getValue(5, rowdata)): Text '100' is set on object 'Object Repository/METALDOM_OR/AGREGAR_PREMIO_OR/Page_base-fe/input_Disponibles_available'

2021-04-16 11:38:13 - [MESSAGE][PASSED] - Text '100' is set on object 'Object Repository/METALDOM_OR/AGREGAR_PREMIO_OR/Page_base-fe/input_Disponibles_available'

2021-04-16 11:38:13 - [TEST_STEP][PASSED] - delay(3): Delayed 3 second(s)

2021-04-16 11:38:16 - [MESSAGE][PASSED] - Delayed 3 second(s)

2021-04-16 11:38:16 - [TEST_STEP][PASSED] - click(findTestObject("METALDOM_OR/AGREGAR_PREMIO_OR/Page_base-fe/button_Guardar")): Object: 'Object Repository/METALDOM_OR/AGREGAR_PREMIO_OR/Page_base-fe/button_Guardar' is clicked on

2021-04-16 11:38:16 - [MESSAGE][PASSED] - Object: 'Object Repository/METALDOM_OR/AGREGAR_PREMIO_OR/Page_base-fe/button_Guardar' is clicked on

2021-04-16 11:38:16 - [TEST_STEP][PASSED] - back(): Navigate back successfully

2021-04-16 11:38:16 - [MESSAGE][PASSED] - Navigate back successfully

2021-04-16 11:38:16 - [TEST_STEP][PASSED] - refresh(): Refresh successfully

2021-04-16 11:38:17 - [MESSAGE][PASSED] - Refresh successfully

2021-04-16 11:38:17 - [TEST_STEP][PASSED] - click(findTestObject("METALDOM_OR/AGREGAR_PREMIO_OR/Page_base-fe/a_Agregar")): Object: 'Object Repository/METALDOM_OR/AGREGAR_PREMIO_OR/Page_base-fe/a_Agregar' is clicked on

2021-04-16 11:38:17 - [MESSAGE][PASSED] - Object: 'Object Repository/METALDOM_OR/AGREGAR_PREMIO_OR/Page_base-fe/a_Agregar' is clicked on

2021-04-16 11:38:17 - [TEST_STEP][PASSED] - scrollToPosition(0, 15): Browser is scrolled to position x = 0, y = 15

2021-04-16 11:38:17 - [MESSAGE][PASSED] - Browser is scrolled to position x = 0, y = 15

2021-04-16 11:38:17 - [TEST_STEP][PASSED] - verifyElementPresent(findTestObject("METALDOM_OR/AGREGAR_PREMIO_OR/Page_base-fe/input_Nombre_name"), 0): Object 'Object Repository/METALDOM_OR/AGREGAR_PREMIO_OR/Page_base-fe/input_Nombre_name' is present

2021-04-16 11:38:17 - [MESSAGE][WARNING] - Timeout '0' is invalid. Using default page load timeout: '30'

2021-04-16 11:38:17 - [MESSAGE][PASSED] - Object 'Object Repository/METALDOM_OR/AGREGAR_PREMIO_OR/Page_base-fe/input_Nombre_name' is present

2021-04-16 11:38:17 - [TEST_STEP][PASSED] - verifyElementPresent(findTestObject("METALDOM_OR/AGREGAR_PREMIO_OR/Page_base-fe/input_Descripcin_description"), 0): Object 'Object Repository/METALDOM_OR/AGREGAR_PREMIO_OR/Page_base-fe/input_Descripcin_description' is present

2021-04-16 11:38:18 - [MESSAGE][WARNING] - Timeout '0' is invalid. Using default page load timeout: '30'

2021-04-16 11:38:18 - [MESSAGE][PASSED] - Object 'Object Repository/METALDOM_OR/AGREGAR_PREMIO_OR/Page_base-fe/input_Descripcin_description' is present

2021-04-16 11:38:18 - [TEST_STEP][PASSED] - verifyElementPresent(findTestObject("METALDOM_OR/AGREGAR_PREMIO_OR/Page_base-fe/input_Puntos requeridos_requiredPoints"), 0): Object 'Object Repository/METALDOM_OR/AGREGAR_PREMIO_OR/Page_base-fe/input_Puntos requeridos_requiredPoints' is present

2021-04-16 11:38:18 - [MESSAGE][WARNING] - Timeout '0' is invalid. Using default page load timeout: '30'

2021-04-16 11:38:18 - [MESSAGE][PASSED] - Object 'Object Repository/METALDOM_OR/AGREGAR_PREMIO_OR/Page_base-fe/input_Puntos requeridos_requiredPoints' is present

2021-04-16 11:38:18 - [TEST_STEP][PASSED] - verifyElementPresent(findTestObject("METALDOM_OR/AGREGAR_PREMIO_OR/Page_base-fe/select_Premio para proveedores excelentes  Premios clientes Premium"), 0): Object 'Object Repository/METALDOM_OR/AGREGAR_PREMIO_OR/Page_base-fe/select_Premio para proveedores excelentes  Premios clientes Premium' is present

2021-04-16 11:38:18 - [MESSAGE][WARNING] - Timeout '0' is invalid. Using default page load timeout: '30'

2021-04-16 11:38:18 - [MESSAGE][PASSED] - Object 'Object Repository/METALDOM_OR/AGREGAR_PREMIO_OR/Page_base-fe/select_Premio para proveedores excelentes  Premios clientes Premium' is present

2021-04-16 11:38:18 - [TEST_STEP][PASSED] - verifyElementPresent(findTestObject("METALDOM_OR/AGREGAR_PREMIO_OR/Page_base-fe/input_Disponibles_available"), 0): Object 'Object Repository/METALDOM_OR/AGREGAR_PREMIO_OR/Page_base-fe/input_Disponibles_available' is present

2021-04-16 11:38:18 - [MESSAGE][WARNING] - Timeout '0' is invalid. Using default page load timeout: '30'

2021-04-16 11:38:18 - [MESSAGE][PASSED] - Object 'Object Repository/METALDOM_OR/AGREGAR_PREMIO_OR/Page_base-fe/input_Disponibles_available' is present

2021-04-16 11:38:18 - [TEST_STEP][PASSED] - verifyElementPresent(findTestObject("METALDOM_OR/AGREGAR_PREMIO_OR/Page_base-fe/span_Subir foto del premio"), 0): Object 'Object Repository/METALDOM_OR/AGREGAR_PREMIO_OR/Page_base-fe/span_Subir foto del premio' is present

2021-04-16 11:38:18 - [MESSAGE][WARNING] - Timeout '0' is invalid. Using default page load timeout: '30'

2021-04-16 11:38:18 - [MESSAGE][PASSED] - Object 'Object Repository/METALDOM_OR/AGREGAR_PREMIO_OR/Page_base-fe/span_Subir foto del premio' is present

2021-04-16 11:38:18 - [TEST_STEP][PASSED] - scrollToElement(findTestObject("METALDOM_OR/AGREGAR_PREMIO_OR/Page_base-fe/input_Disponibles_available"), 0): Scroll to object 'Object Repository/METALDOM_OR/AGREGAR_PREMIO_OR/Page_base-fe/input_Disponibles_available' successfully

2021-04-16 11:38:18 - [MESSAGE][WARNING] - Timeout '0' is invalid. Using default page load timeout: '30'

2021-04-16 11:38:18 - [MESSAGE][PASSED] - Scroll to object 'Object Repository/METALDOM_OR/AGREGAR_PREMIO_OR/Page_base-fe/input_Disponibles_available' successfully

2021-04-16 11:38:18 - [TEST_STEP][PASSED] - focus(findTestObject("METALDOM_OR/AGREGAR_PREMIO_OR/Page_base-fe/input_Nombre_name")): Object: 'Object Repository/METALDOM_OR/AGREGAR_PREMIO_OR/Page_base-fe/input_Nombre_name' is focused

2021-04-16 11:38:18 - [MESSAGE][PASSED] - Object: 'Object Repository/METALDOM_OR/AGREGAR_PREMIO_OR/Page_base-fe/input_Nombre_name' is focused

2021-04-16 11:38:18 - [TEST_STEP][PASSED] - setText(findTestObject("METALDOM_OR/AGREGAR_PREMIO_OR/Page_base-fe/input_Nombre_name"), findTestData("Data Files/DATA METALDOM/AGREGAR_PREMIOS").getValue(1, rowdata)): Text 'PATINETA' is set on object 'Object Repository/METALDOM_OR/AGREGAR_PREMIO_OR/Page_base-fe/input_Nombre_name'

2021-04-16 11:38:19 - [MESSAGE][PASSED] - Text 'PATINETA' is set on object 'Object Repository/METALDOM_OR/AGREGAR_PREMIO_OR/Page_base-fe/input_Nombre_name'

2021-04-16 11:38:19 - [TEST_STEP][PASSED] - focus(findTestObject("METALDOM_OR/AGREGAR_PREMIO_OR/Page_base-fe/input_Descripcin_description")): Object: 'Object Repository/METALDOM_OR/AGREGAR_PREMIO_OR/Page_base-fe/input_Descripcin_description' is focused

2021-04-16 11:38:19 - [MESSAGE][PASSED] - Object: 'Object Repository/METALDOM_OR/AGREGAR_PREMIO_OR/Page_base-fe/input_Descripcin_description' is focused

2021-04-16 11:38:19 - [TEST_STEP][PASSED] - setText(findTestObject("METALDOM_OR/AGREGAR_PREMIO_OR/Page_base-fe/input_Descripcin_description"), findTestData("Data Files/DATA METALDOM/AGREGAR_PREMIOS").getValue(2, rowdata)): Text 'PATINETA CON VELOCIDAD MAXIMA DE 20MPH Y UNA BATERIA QUE PUEDE DURAR 1 HORA DE USO CONTINUO' is set on object 'Object Repository/METALDOM_OR/AGREGAR_PREMIO_OR/Page_base-fe/input_Descripcin_description'

2021-04-16 11:38:20 - [MESSAGE][PASSED] - Text 'PATINETA CON VELOCIDAD MAXIMA DE 20MPH Y UNA BATERIA QUE PUEDE DURAR 1 HORA DE USO CONTINUO' is set on object 'Object Repository/METALDOM_OR/AGREGAR_PREMIO_OR/Page_base-fe/input_Descripcin_description'

2021-04-16 11:38:20 - [TEST_STEP][PASSED] - focus(findTestObject("METALDOM_OR/AGREGAR_PREMIO_OR/Page_base-fe/input_Puntos requeridos_requiredPoints")): Object: 'Object Repository/METALDOM_OR/AGREGAR_PREMIO_OR/Page_base-fe/input_Puntos requeridos_requiredPoints' is focused

2021-04-16 11:38:20 - [MESSAGE][PASSED] - Object: 'Object Repository/METALDOM_OR/AGREGAR_PREMIO_OR/Page_base-fe/input_Puntos requeridos_requiredPoints' is focused

2021-04-16 11:38:20 - [TEST_STEP][PASSED] - setText(findTestObject("METALDOM_OR/AGREGAR_PREMIO_OR/Page_base-fe/input_Puntos requeridos_requiredPoints"), findTestData("Data Files/DATA METALDOM/AGREGAR_PREMIOS").getValue(3, rowdata)): Text '20000' is set on object 'Object Repository/METALDOM_OR/AGREGAR_PREMIO_OR/Page_base-fe/input_Puntos requeridos_requiredPoints'

2021-04-16 11:38:20 - [MESSAGE][PASSED] - Text '20000' is set on object 'Object Repository/METALDOM_OR/AGREGAR_PREMIO_OR/Page_base-fe/input_Puntos requeridos_requiredPoints'

2021-04-16 11:38:20 - [TEST_STEP][PASSED] - selectOptionByIndex(findTestObject("METALDOM_OR/AGREGAR_PREMIO_OR/Page_base-fe/select_Premio para proveedores excelentes  Premios clientes Premium"), findTestData("DATA METALDOM/AGREGAR_PREMIOS").getValue(4, rowdata)): All options with index in [1] are selected on object 'Object Repository/METALDOM_OR/AGREGAR_PREMIO_OR/Page_base-fe/select_Premio para proveedores excelentes  Premios clientes Premium'

2021-04-16 11:38:20 - [MESSAGE][PASSED] - All options with index in [1] are selected on object 'Object Repository/METALDOM_OR/AGREGAR_PREMIO_OR/Page_base-fe/select_Premio para proveedores excelentes  Premios clientes Premium'

2021-04-16 11:38:20 - [TEST_STEP][PASSED] - focus(findTestObject("METALDOM_OR/AGREGAR_PREMIO_OR/Page_base-fe/input_Disponibles_available")): Object: 'Object Repository/METALDOM_OR/AGREGAR_PREMIO_OR/Page_base-fe/input_Disponibles_available' is focused

2021-04-16 11:38:20 - [MESSAGE][PASSED] - Object: 'Object Repository/METALDOM_OR/AGREGAR_PREMIO_OR/Page_base-fe/input_Disponibles_available' is focused

2021-04-16 11:38:20 - [TEST_STEP][PASSED] - setText(findTestObject("METALDOM_OR/AGREGAR_PREMIO_OR/Page_base-fe/input_Disponibles_available"), findTestData("Data Files/DATA METALDOM/AGREGAR_PREMIOS").getValue(5, rowdata)): Text '10' is set on object 'Object Repository/METALDOM_OR/AGREGAR_PREMIO_OR/Page_base-fe/input_Disponibles_available'

2021-04-16 11:38:21 - [MESSAGE][PASSED] - Text '10' is set on object 'Object Repository/METALDOM_OR/AGREGAR_PREMIO_OR/Page_base-fe/input_Disponibles_available'

2021-04-16 11:38:21 - [TEST_STEP][PASSED] - delay(3): Delayed 3 second(s)

2021-04-16 11:38:24 - [MESSAGE][PASSED] - Delayed 3 second(s)

2021-04-16 11:38:24 - [TEST_STEP][PASSED] - click(findTestObject("METALDOM_OR/AGREGAR_PREMIO_OR/Page_base-fe/button_Guardar")): Object: 'Object Repository/METALDOM_OR/AGREGAR_PREMIO_OR/Page_base-fe/button_Guardar' is clicked on

2021-04-16 11:38:24 - [MESSAGE][PASSED] - Object: 'Object Repository/METALDOM_OR/AGREGAR_PREMIO_OR/Page_base-fe/button_Guardar' is clicked on

2021-04-16 11:38:24 - [TEST_STEP][PASSED] - back(): Navigate back successfully

2021-04-16 11:38:24 - [MESSAGE][PASSED] - Navigate back successfully

2021-04-16 11:38:24 - [TEST_STEP][PASSED] - refresh(): Refresh successfully

2021-04-16 11:38:24 - [MESSAGE][PASSED] - Refresh successfully

2021-04-16 11:38:24 - [TEST_STEP][PASSED] - click(findTestObject("METALDOM_OR/AGREGAR_PREMIO_OR/Page_base-fe/a_Agregar")): Object: 'Object Repository/METALDOM_OR/AGREGAR_PREMIO_OR/Page_base-fe/a_Agregar' is clicked on

2021-04-16 11:38:25 - [MESSAGE][PASSED] - Object: 'Object Repository/METALDOM_OR/AGREGAR_PREMIO_OR/Page_base-fe/a_Agregar' is clicked on

2021-04-16 11:38:25 - [TEST_STEP][PASSED] - scrollToPosition(0, 15): Browser is scrolled to position x = 0, y = 15

2021-04-16 11:38:25 - [MESSAGE][PASSED] - Browser is scrolled to position x = 0, y = 15

2021-04-16 11:38:25 - [TEST_STEP][PASSED] - verifyElementPresent(findTestObject("METALDOM_OR/AGREGAR_PREMIO_OR/Page_base-fe/input_Nombre_name"), 0): Object 'Object Repository/METALDOM_OR/AGREGAR_PREMIO_OR/Page_base-fe/input_Nombre_name' is present

2021-04-16 11:38:25 - [MESSAGE][WARNING] - Timeout '0' is invalid. Using default page load timeout: '30'

2021-04-16 11:38:25 - [MESSAGE][PASSED] - Object 'Object Repository/METALDOM_OR/AGREGAR_PREMIO_OR/Page_base-fe/input_Nombre_name' is present

2021-04-16 11:38:25 - [TEST_STEP][PASSED] - verifyElementPresent(findTestObject("METALDOM_OR/AGREGAR_PREMIO_OR/Page_base-fe/input_Descripcin_description"), 0): Object 'Object Repository/METALDOM_OR/AGREGAR_PREMIO_OR/Page_base-fe/input_Descripcin_description' is present

2021-04-16 11:38:25 - [MESSAGE][WARNING] - Timeout '0' is invalid. Using default page load timeout: '30'

2021-04-16 11:38:25 - [MESSAGE][PASSED] - Object 'Object Repository/METALDOM_OR/AGREGAR_PREMIO_OR/Page_base-fe/input_Descripcin_description' is present

2021-04-16 11:38:25 - [TEST_STEP][PASSED] - verifyElementPresent(findTestObject("METALDOM_OR/AGREGAR_PREMIO_OR/Page_base-fe/input_Puntos requeridos_requiredPoints"), 0): Object 'Object Repository/METALDOM_OR/AGREGAR_PREMIO_OR/Page_base-fe/input_Puntos requeridos_requiredPoints' is present

2021-04-16 11:38:25 - [MESSAGE][WARNING] - Timeout '0' is invalid. Using default page load timeout: '30'

2021-04-16 11:38:25 - [MESSAGE][PASSED] - Object 'Object Repository/METALDOM_OR/AGREGAR_PREMIO_OR/Page_base-fe/input_Puntos requeridos_requiredPoints' is present

2021-04-16 11:38:25 - [TEST_STEP][PASSED] - verifyElementPresent(findTestObject("METALDOM_OR/AGREGAR_PREMIO_OR/Page_base-fe/select_Premio para proveedores excelentes  Premios clientes Premium"), 0): Object 'Object Repository/METALDOM_OR/AGREGAR_PREMIO_OR/Page_base-fe/select_Premio para proveedores excelentes  Premios clientes Premium' is present

2021-04-16 11:38:25 - [MESSAGE][WARNING] - Timeout '0' is invalid. Using default page load timeout: '30'

2021-04-16 11:38:25 - [MESSAGE][PASSED] - Object 'Object Repository/METALDOM_OR/AGREGAR_PREMIO_OR/Page_base-fe/select_Premio para proveedores excelentes  Premios clientes Premium' is present

2021-04-16 11:38:25 - [TEST_STEP][PASSED] - verifyElementPresent(findTestObject("METALDOM_OR/AGREGAR_PREMIO_OR/Page_base-fe/input_Disponibles_available"), 0): Object 'Object Repository/METALDOM_OR/AGREGAR_PREMIO_OR/Page_base-fe/input_Disponibles_available' is present

2021-04-16 11:38:25 - [MESSAGE][WARNING] - Timeout '0' is invalid. Using default page load timeout: '30'

2021-04-16 11:38:25 - [MESSAGE][PASSED] - Object 'Object Repository/METALDOM_OR/AGREGAR_PREMIO_OR/Page_base-fe/input_Disponibles_available' is present

2021-04-16 11:38:25 - [TEST_STEP][PASSED] - verifyElementPresent(findTestObject("METALDOM_OR/AGREGAR_PREMIO_OR/Page_base-fe/span_Subir foto del premio"), 0): Object 'Object Repository/METALDOM_OR/AGREGAR_PREMIO_OR/Page_base-fe/span_Subir foto del premio' is present

2021-04-16 11:38:25 - [MESSAGE][WARNING] - Timeout '0' is invalid. Using default page load timeout: '30'

2021-04-16 11:38:25 - [MESSAGE][PASSED] - Object 'Object Repository/METALDOM_OR/AGREGAR_PREMIO_OR/Page_base-fe/span_Subir foto del premio' is present

2021-04-16 11:38:25 - [TEST_STEP][PASSED] - scrollToElement(findTestObject("METALDOM_OR/AGREGAR_PREMIO_OR/Page_base-fe/input_Disponibles_available"), 0): Scroll to object 'Object Repository/METALDOM_OR/AGREGAR_PREMIO_OR/Page_base-fe/input_Disponibles_available' successfully

2021-04-16 11:38:25 - [MESSAGE][WARNING] - Timeout '0' is invalid. Using default page load timeout: '30'

2021-04-16 11:38:25 - [MESSAGE][PASSED] - Scroll to object 'Object Repository/METALDOM_OR/AGREGAR_PREMIO_OR/Page_base-fe/input_Disponibles_available' successfully

2021-04-16 11:38:25 - [TEST_STEP][PASSED] - focus(findTestObject("METALDOM_OR/AGREGAR_PREMIO_OR/Page_base-fe/input_Nombre_name")): Object: 'Object Repository/METALDOM_OR/AGREGAR_PREMIO_OR/Page_base-fe/input_Nombre_name' is focused

2021-04-16 11:38:26 - [MESSAGE][PASSED] - Object: 'Object Repository/METALDOM_OR/AGREGAR_PREMIO_OR/Page_base-fe/input_Nombre_name' is focused

2021-04-16 11:38:26 - [TEST_STEP][PASSED] - setText(findTestObject("METALDOM_OR/AGREGAR_PREMIO_OR/Page_base-fe/input_Nombre_name"), findTestData("Data Files/DATA METALDOM/AGREGAR_PREMIOS").getValue(1, rowdata)): Text 'LG' is set on object 'Object Repository/METALDOM_OR/AGREGAR_PREMIO_OR/Page_base-fe/input_Nombre_name'

2021-04-16 11:38:26 - [MESSAGE][PASSED] - Text 'LG' is set on object 'Object Repository/METALDOM_OR/AGREGAR_PREMIO_OR/Page_base-fe/input_Nombre_name'

2021-04-16 11:38:26 - [TEST_STEP][PASSED] - focus(findTestObject("METALDOM_OR/AGREGAR_PREMIO_OR/Page_base-fe/input_Descripcin_description")): Object: 'Object Repository/METALDOM_OR/AGREGAR_PREMIO_OR/Page_base-fe/input_Descripcin_description' is focused

2021-04-16 11:38:26 - [MESSAGE][PASSED] - Object: 'Object Repository/METALDOM_OR/AGREGAR_PREMIO_OR/Page_base-fe/input_Descripcin_description' is focused

2021-04-16 11:38:26 - [TEST_STEP][PASSED] - setText(findTestObject("METALDOM_OR/AGREGAR_PREMIO_OR/Page_base-fe/input_Descripcin_description"), findTestData("Data Files/DATA METALDOM/AGREGAR_PREMIOS").getValue(2, rowdata)): Text 'TELEVISOR LG DE 55' PULGADAS ULTRA HD. ' is set on object 'Object Repository/METALDOM_OR/AGREGAR_PREMIO_OR/Page_base-fe/input_Descripcin_description'

2021-04-16 11:38:26 - [MESSAGE][PASSED] - Text 'TELEVISOR LG DE 55' PULGADAS ULTRA HD. ' is set on object 'Object Repository/METALDOM_OR/AGREGAR_PREMIO_OR/Page_base-fe/input_Descripcin_description'

2021-04-16 11:38:26 - [TEST_STEP][PASSED] - focus(findTestObject("METALDOM_OR/AGREGAR_PREMIO_OR/Page_base-fe/input_Puntos requeridos_requiredPoints")): Object: 'Object Repository/METALDOM_OR/AGREGAR_PREMIO_OR/Page_base-fe/input_Puntos requeridos_requiredPoints' is focused

2021-04-16 11:38:27 - [MESSAGE][PASSED] - Object: 'Object Repository/METALDOM_OR/AGREGAR_PREMIO_OR/Page_base-fe/input_Puntos requeridos_requiredPoints' is focused

2021-04-16 11:38:27 - [TEST_STEP][PASSED] - setText(findTestObject("METALDOM_OR/AGREGAR_PREMIO_OR/Page_base-fe/input_Puntos requeridos_requiredPoints"), findTestData("Data Files/DATA METALDOM/AGREGAR_PREMIOS").getValue(3, rowdata)): Text '15000' is set on object 'Object Repository/METALDOM_OR/AGREGAR_PREMIO_OR/Page_base-fe/input_Puntos requeridos_requiredPoints'

2021-04-16 11:38:27 - [MESSAGE][PASSED] - Text '15000' is set on object 'Object Repository/METALDOM_OR/AGREGAR_PREMIO_OR/Page_base-fe/input_Puntos requeridos_requiredPoints'

2021-04-16 11:38:27 - [TEST_STEP][PASSED] - selectOptionByIndex(findTestObject("METALDOM_OR/AGREGAR_PREMIO_OR/Page_base-fe/select_Premio para proveedores excelentes  Premios clientes Premium"), findTestData("DATA METALDOM/AGREGAR_PREMIOS").getValue(4, rowdata)): All options with index in [0] are selected on object 'Object Repository/METALDOM_OR/AGREGAR_PREMIO_OR/Page_base-fe/select_Premio para proveedores excelentes  Premios clientes Premium'

2021-04-16 11:38:27 - [MESSAGE][PASSED] - All options with index in [0] are selected on object 'Object Repository/METALDOM_OR/AGREGAR_PREMIO_OR/Page_base-fe/select_Premio para proveedores excelentes  Premios clientes Premium'

2021-04-16 11:38:27 - [TEST_STEP][PASSED] - focus(findTestObject("METALDOM_OR/AGREGAR_PREMIO_OR/Page_base-fe/input_Disponibles_available")): Object: 'Object Repository/METALDOM_OR/AGREGAR_PREMIO_OR/Page_base-fe/input_Disponibles_available' is focused

2021-04-16 11:38:27 - [MESSAGE][PASSED] - Object: 'Object Repository/METALDOM_OR/AGREGAR_PREMIO_OR/Page_base-fe/input_Disponibles_available' is focused

2021-04-16 11:38:27 - [TEST_STEP][PASSED] - setText(findTestObject("METALDOM_OR/AGREGAR_PREMIO_OR/Page_base-fe/input_Disponibles_available"), findTestData("Data Files/DATA METALDOM/AGREGAR_PREMIOS").getValue(5, rowdata)): Text '25' is set on object 'Object Repository/METALDOM_OR/AGREGAR_PREMIO_OR/Page_base-fe/input_Disponibles_available'

2021-04-16 11:38:27 - [MESSAGE][PASSED] - Text '25' is set on object 'Object Repository/METALDOM_OR/AGREGAR_PREMIO_OR/Page_base-fe/input_Disponibles_available'

2021-04-16 11:38:27 - [TEST_STEP][PASSED] - delay(3): Delayed 3 second(s)

2021-04-16 11:38:30 - [MESSAGE][PASSED] - Delayed 3 second(s)

2021-04-16 11:38:30 - [TEST_STEP][PASSED] - click(findTestObject("METALDOM_OR/AGREGAR_PREMIO_OR/Page_base-fe/button_Guardar")): Object: 'Object Repository/METALDOM_OR/AGREGAR_PREMIO_OR/Page_base-fe/button_Guardar' is clicked on

2021-04-16 11:38:31 - [MESSAGE][PASSED] - Object: 'Object Repository/METALDOM_OR/AGREGAR_PREMIO_OR/Page_base-fe/button_Guardar' is clicked on

2021-04-16 11:38:31 - [TEST_STEP][PASSED] - back(): Navigate back successfully

2021-04-16 11:38:31 - [MESSAGE][PASSED] - Navigate back successfully

2021-04-16 11:38:31 - [TEST_STEP][PASSED] - refresh(): Refresh successfully

2021-04-16 11:38:31 - [MESSAGE][PASSED] - Refresh successfully

2021-04-16 11:38:31 - [TEST_STEP][PASSED] - click(findTestObject("METALDOM_OR/AGREGAR_PREMIO_OR/Page_base-fe/a_Agregar")): Object: 'Object Repository/METALDOM_OR/AGREGAR_PREMIO_OR/Page_base-fe/a_Agregar' is clicked on

2021-04-16 11:38:32 - [MESSAGE][PASSED] - Object: 'Object Repository/METALDOM_OR/AGREGAR_PREMIO_OR/Page_base-fe/a_Agregar' is clicked on

2021-04-16 11:38:32 - [TEST_STEP][PASSED] - scrollToPosition(0, 15): Browser is scrolled to position x = 0, y = 15

2021-04-16 11:38:32 - [MESSAGE][PASSED] - Browser is scrolled to position x = 0, y = 15

2021-04-16 11:38:32 - [TEST_STEP][PASSED] - verifyElementPresent(findTestObject("METALDOM_OR/AGREGAR_PREMIO_OR/Page_base-fe/input_Nombre_name"), 0): Object 'Object Repository/METALDOM_OR/AGREGAR_PREMIO_OR/Page_base-fe/input_Nombre_name' is present

2021-04-16 11:38:32 - [MESSAGE][WARNING] - Timeout '0' is invalid. Using default page load timeout: '30'

2021-04-16 11:38:32 - [MESSAGE][PASSED] - Object 'Object Repository/METALDOM_OR/AGREGAR_PREMIO_OR/Page_base-fe/input_Nombre_name' is present

2021-04-16 11:38:32 - [TEST_STEP][PASSED] - verifyElementPresent(findTestObject("METALDOM_OR/AGREGAR_PREMIO_OR/Page_base-fe/input_Descripcin_description"), 0): Object 'Object Repository/METALDOM_OR/AGREGAR_PREMIO_OR/Page_base-fe/input_Descripcin_description' is present

2021-04-16 11:38:32 - [MESSAGE][WARNING] - Timeout '0' is invalid. Using default page load timeout: '30'

2021-04-16 11:38:32 - [MESSAGE][PASSED] - Object 'Object Repository/METALDOM_OR/AGREGAR_PREMIO_OR/Page_base-fe/input_Descripcin_description' is present

2021-04-16 11:38:32 - [TEST_STEP][PASSED] - verifyElementPresent(findTestObject("METALDOM_OR/AGREGAR_PREMIO_OR/Page_base-fe/input_Puntos requeridos_requiredPoints"), 0): Object 'Object Repository/METALDOM_OR/AGREGAR_PREMIO_OR/Page_base-fe/input_Puntos requeridos_requiredPoints' is present

2021-04-16 11:38:32 - [MESSAGE][WARNING] - Timeout '0' is invalid. Using default page load timeout: '30'

2021-04-16 11:38:32 - [MESSAGE][PASSED] - Object 'Object Repository/METALDOM_OR/AGREGAR_PREMIO_OR/Page_base-fe/input_Puntos requeridos_requiredPoints' is present

2021-04-16 11:38:32 - [TEST_STEP][PASSED] - verifyElementPresent(findTestObject("METALDOM_OR/AGREGAR_PREMIO_OR/Page_base-fe/select_Premio para proveedores excelentes  Premios clientes Premium"), 0): Object 'Object Repository/METALDOM_OR/AGREGAR_PREMIO_OR/Page_base-fe/select_Premio para proveedores excelentes  Premios clientes Premium' is present

2021-04-16 11:38:32 - [MESSAGE][WARNING] - Timeout '0' is invalid. Using default page load timeout: '30'

2021-04-16 11:38:32 - [MESSAGE][PASSED] - Object 'Object Repository/METALDOM_OR/AGREGAR_PREMIO_OR/Page_base-fe/select_Premio para proveedores excelentes  Premios clientes Premium' is present

2021-04-16 11:38:32 - [TEST_STEP][PASSED] - verifyElementPresent(findTestObject("METALDOM_OR/AGREGAR_PREMIO_OR/Page_base-fe/input_Disponibles_available"), 0): Object 'Object Repository/METALDOM_OR/AGREGAR_PREMIO_OR/Page_base-fe/input_Disponibles_available' is present

2021-04-16 11:38:32 - [MESSAGE][WARNING] - Timeout '0' is invalid. Using default page load timeout: '30'

2021-04-16 11:38:32 - [MESSAGE][PASSED] - Object 'Object Repository/METALDOM_OR/AGREGAR_PREMIO_OR/Page_base-fe/input_Disponibles_available' is present

2021-04-16 11:38:32 - [TEST_STEP][PASSED] - verifyElementPresent(findTestObject("METALDOM_OR/AGREGAR_PREMIO_OR/Page_base-fe/span_Subir foto del premio"), 0): Object 'Object Repository/METALDOM_OR/AGREGAR_PREMIO_OR/Page_base-fe/span_Subir foto del premio' is present

2021-04-16 11:38:32 - [MESSAGE][WARNING] - Timeout '0' is invalid. Using default page load timeout: '30'

2021-04-16 11:38:32 - [MESSAGE][PASSED] - Object 'Object Repository/METALDOM_OR/AGREGAR_PREMIO_OR/Page_base-fe/span_Subir foto del premio' is present

2021-04-16 11:38:32 - [TEST_STEP][PASSED] - scrollToElement(findTestObject("METALDOM_OR/AGREGAR_PREMIO_OR/Page_base-fe/input_Disponibles_available"), 0): Scroll to object 'Object Repository/METALDOM_OR/AGREGAR_PREMIO_OR/Page_base-fe/input_Disponibles_available' successfully

2021-04-16 11:38:32 - [MESSAGE][WARNING] - Timeout '0' is invalid. Using default page load timeout: '30'

2021-04-16 11:38:32 - [MESSAGE][PASSED] - Scroll to object 'Object Repository/METALDOM_OR/AGREGAR_PREMIO_OR/Page_base-fe/input_Disponibles_available' successfully

2021-04-16 11:38:32 - [TEST_STEP][PASSED] - focus(findTestObject("METALDOM_OR/AGREGAR_PREMIO_OR/Page_base-fe/input_Nombre_name")): Object: 'Object Repository/METALDOM_OR/AGREGAR_PREMIO_OR/Page_base-fe/input_Nombre_name' is focused

2021-04-16 11:38:33 - [MESSAGE][PASSED] - Object: 'Object Repository/METALDOM_OR/AGREGAR_PREMIO_OR/Page_base-fe/input_Nombre_name' is focused

2021-04-16 11:38:33 - [TEST_STEP][PASSED] - setText(findTestObject("METALDOM_OR/AGREGAR_PREMIO_OR/Page_base-fe/input_Nombre_name"), findTestData("Data Files/DATA METALDOM/AGREGAR_PREMIOS").getValue(1, rowdata)): Text 'SAMSUMG S21' is set on object 'Object Repository/METALDOM_OR/AGREGAR_PREMIO_OR/Page_base-fe/input_Nombre_name'

2021-04-16 11:38:33 - [MESSAGE][PASSED] - Text 'SAMSUMG S21' is set on object 'Object Repository/METALDOM_OR/AGREGAR_PREMIO_OR/Page_base-fe/input_Nombre_name'

2021-04-16 11:38:33 - [TEST_STEP][PASSED] - focus(findTestObject("METALDOM_OR/AGREGAR_PREMIO_OR/Page_base-fe/input_Descripcin_description")): Object: 'Object Repository/METALDOM_OR/AGREGAR_PREMIO_OR/Page_base-fe/input_Descripcin_description' is focused

2021-04-16 11:38:33 - [MESSAGE][PASSED] - Object: 'Object Repository/METALDOM_OR/AGREGAR_PREMIO_OR/Page_base-fe/input_Descripcin_description' is focused

2021-04-16 11:38:33 - [TEST_STEP][PASSED] - setText(findTestObject("METALDOM_OR/AGREGAR_PREMIO_OR/Page_base-fe/input_Descripcin_description"), findTestData("Data Files/DATA METALDOM/AGREGAR_PREMIOS").getValue(2, rowdata)): Text 'CELULAR SAMSUMG S21, NUEVO DE CAJA' is set on object 'Object Repository/METALDOM_OR/AGREGAR_PREMIO_OR/Page_base-fe/input_Descripcin_description'

2021-04-16 11:38:34 - [MESSAGE][PASSED] - Text 'CELULAR SAMSUMG S21, NUEVO DE CAJA' is set on object 'Object Repository/METALDOM_OR/AGREGAR_PREMIO_OR/Page_base-fe/input_Descripcin_description'

2021-04-16 11:38:34 - [TEST_STEP][PASSED] - focus(findTestObject("METALDOM_OR/AGREGAR_PREMIO_OR/Page_base-fe/input_Puntos requeridos_requiredPoints")): Object: 'Object Repository/METALDOM_OR/AGREGAR_PREMIO_OR/Page_base-fe/input_Puntos requeridos_requiredPoints' is focused

2021-04-16 11:38:34 - [MESSAGE][PASSED] - Object: 'Object Repository/METALDOM_OR/AGREGAR_PREMIO_OR/Page_base-fe/input_Puntos requeridos_requiredPoints' is focused

2021-04-16 11:38:34 - [TEST_STEP][PASSED] - setText(findTestObject("METALDOM_OR/AGREGAR_PREMIO_OR/Page_base-fe/input_Puntos requeridos_requiredPoints"), findTestData("Data Files/DATA METALDOM/AGREGAR_PREMIOS").getValue(3, rowdata)): Text '14500' is set on object 'Object Repository/METALDOM_OR/AGREGAR_PREMIO_OR/Page_base-fe/input_Puntos requeridos_requiredPoints'

2021-04-16 11:38:34 - [MESSAGE][PASSED] - Text '14500' is set on object 'Object Repository/METALDOM_OR/AGREGAR_PREMIO_OR/Page_base-fe/input_Puntos requeridos_requiredPoints'

2021-04-16 11:38:34 - [TEST_STEP][PASSED] - selectOptionByIndex(findTestObject("METALDOM_OR/AGREGAR_PREMIO_OR/Page_base-fe/select_Premio para proveedores excelentes  Premios clientes Premium"), findTestData("DATA METALDOM/AGREGAR_PREMIOS").getValue(4, rowdata)): All options with index in [1] are selected on object 'Object Repository/METALDOM_OR/AGREGAR_PREMIO_OR/Page_base-fe/select_Premio para proveedores excelentes  Premios clientes Premium'

2021-04-16 11:38:34 - [MESSAGE][PASSED] - All options with index in [1] are selected on object 'Object Repository/METALDOM_OR/AGREGAR_PREMIO_OR/Page_base-fe/select_Premio para proveedores excelentes  Premios clientes Premium'

2021-04-16 11:38:34 - [TEST_STEP][PASSED] - focus(findTestObject("METALDOM_OR/AGREGAR_PREMIO_OR/Page_base-fe/input_Disponibles_available")): Object: 'Object Repository/METALDOM_OR/AGREGAR_PREMIO_OR/Page_base-fe/input_Disponibles_available' is focused

2021-04-16 11:38:34 - [MESSAGE][PASSED] - Object: 'Object Repository/METALDOM_OR/AGREGAR_PREMIO_OR/Page_base-fe/input_Disponibles_available' is focused

2021-04-16 11:38:34 - [TEST_STEP][PASSED] - setText(findTestObject("METALDOM_OR/AGREGAR_PREMIO_OR/Page_base-fe/input_Disponibles_available"), findTestData("Data Files/DATA METALDOM/AGREGAR_PREMIOS").getValue(5, rowdata)): Text '50' is set on object 'Object Repository/METALDOM_OR/AGREGAR_PREMIO_OR/Page_base-fe/input_Disponibles_available'

2021-04-16 11:38:35 - [MESSAGE][PASSED] - Text '50' is set on object 'Object Repository/METALDOM_OR/AGREGAR_PREMIO_OR/Page_base-fe/input_Disponibles_available'

2021-04-16 11:38:35 - [TEST_STEP][PASSED] - delay(3): Delayed 3 second(s)

2021-04-16 11:38:38 - [MESSAGE][PASSED] - Delayed 3 second(s)

2021-04-16 11:38:38 - [TEST_STEP][PASSED] - click(findTestObject("METALDOM_OR/AGREGAR_PREMIO_OR/Page_base-fe/button_Guardar")): Object: 'Object Repository/METALDOM_OR/AGREGAR_PREMIO_OR/Page_base-fe/button_Guardar' is clicked on

2021-04-16 11:38:38 - [MESSAGE][PASSED] - Object: 'Object Repository/METALDOM_OR/AGREGAR_PREMIO_OR/Page_base-fe/button_Guardar' is clicked on

2021-04-16 11:38:38 - [TEST_STEP][PASSED] - back(): Navigate back successfully

2021-04-16 11:38:38 - [MESSAGE][PASSED] - Navigate back successfully

2021-04-16 11:38:38 - [TEST_STEP][PASSED] - refresh(): Refresh successfully

2021-04-16 11:38:38 - [MESSAGE][PASSED] - Refresh successfully

2021-04-16 11:38:38 - [TEST_STEP][PASSED] - click(findTestObject("Object Repository/METALDOM_OR/AGREGAR_PREMIO_OR/Page_base-fe/span_Configuraciones de Premios")): Object: 'Object Repository/METALDOM_OR/AGREGAR_PREMIO_OR/Page_base-fe/span_Configuraciones de Premios' is clicked on

2021-04-16 11:38:39 - [MESSAGE][PASSED] - Object: 'Object Repository/METALDOM_OR/AGREGAR_PREMIO_OR/Page_base-fe/span_Configuraciones de Premios' is clicked on

2021-04-16 11:38:39 - [TEST_STEP][PASSED] - scrollToPosition(0, 40): Browser is scrolled to position x = 0, y = 40

2021-04-16 11:38:39 - [MESSAGE][PASSED] - Browser is scrolled to position x = 0, y = 40

2021-04-16 11:38:39 - [TEST_STEP][PASSED] - delay(5): Delayed 5 second(s)

2021-04-16 11:38:44 - [MESSAGE][PASSED] - Delayed 5 second(s)

2021-04-16 11:38:44 - [TEST_STEP][PASSED] - closeBrowser(): Browser is closed

2021-04-16 11:38:45 - [MESSAGE][PASSED] - Browser is closed]]></system-out>
         <system-err><![CDATA[]]></system-err>
      </testcase>
      <testcase name="Test Cases/TEST-METALDOM/TEST-C-CONFIGURAR_PUNTOS" time="34.039" classname="Test Cases/TEST-METALDOM/TEST-C-CONFIGURAR_PUNTOS" status="PASSED">
         <system-out><![CDATA[2021-04-16 11:38:45 - [TEST_CASE][PASSED] - Test Cases/TEST-METALDOM/TEST-C-CONFIGURAR_PUNTOS: Test Cases/TEST-METALDOM/TEST-C-CONFIGURAR_PUNTOS

2021-04-16 11:38:45 - [TEST_STEP][PASSED] - callTestCase(findTestCase("TEST-METALDOM/TEST-C-LOGIN-CORREO"), [:], STOP_ON_FAILURE): Call Test Case 'Test Cases/TEST-METALDOM/TEST-C-LOGIN-CORREO' successfully

2021-04-16 11:38:45 - [TEST_CASE][PASSED] - Test Cases/TEST-METALDOM/TEST-C-LOGIN-CORREO: Test Cases/TEST-METALDOM/TEST-C-LOGIN-CORREO

2021-04-16 11:38:45 - [TEST_STEP][PASSED] - openBrowser(""): Browser is opened with url: ''

2021-04-16 11:38:45 - [MESSAGE][INFO] - Starting 'Edge Chromium' driver

2021-04-16 11:38:46 - [MESSAGE][INFO] - Action delay is set to 0 milliseconds

2021-04-16 11:38:47 - [MESSAGE][PASSED] - Browser is opened with url: ''

2021-04-16 11:38:47 - [TEST_STEP][PASSED] - maximizeWindow(): Current window maximized

2021-04-16 11:38:47 - [MESSAGE][PASSED] - Current window maximized

2021-04-16 11:38:47 - [TEST_STEP][PASSED] - navigateToUrl("https://metaldomsx.b2clogin.com/metaldomsx.onmicrosoft.com/b2c_1_identity_provider/oauth2/v2.0/authorize?response_type=id_token&scope=openid%20profile&client_id=a8322c90-a407-4733-ab42-7befe6ab3e2c&redirect_uri=https%3A%2F%2Fsxmetaldomfe.azurewebsites.net%2F&state=eyJpZCI6IjFjNmNkMTJkLTY1YjYtNDc4ZS1hMjYwLTc5OTg5ZmRhNzk4MiIsInRzIjoxNjE3OTA2NTgwLCJtZXRob2QiOiJyZWRpcmVjdEludGVyYWN0aW9uIn0%3D&nonce=eb69c372-acb1-4163-8f5b-c25aec8069a5&client_info=1&x-client-SKU=MSAL.JS&x-client-Ver=msal&client-request-id=e9d838ff-741e-4e5e-8e48-e0c967052cf2&response_mode=fragment"): Navigate to 'https://metaldomsx.b2clogin.com/metaldomsx.onmicrosoft.com/b2c_1_identity_provider/oauth2/v2.0/authorize?response_type=id_token&scope=openid%20profile&client_id=a8322c90-a407-4733-ab42-7befe6ab3e2c&redirect_uri=https%3A%2F%2Fsxmetaldomfe.azurewebsites.net%2F&state=eyJpZCI6IjFjNmNkMTJkLTY1YjYtNDc4ZS1hMjYwLTc5OTg5ZmRhNzk4MiIsInRzIjoxNjE3OTA2NTgwLCJtZXRob2QiOiJyZWRpcmVjdEludGVyYWN0aW9uIn0%3D&nonce=eb69c372-acb1-4163-8f5b-c25aec8069a5&client_info=1&x-client-SKU=MSAL.JS&x-client-Ver=msal&client-request-id=e9d838ff-741e-4e5e-8e48-e0c967052cf2&response_mode=fragment' successfully

2021-04-16 11:38:48 - [MESSAGE][PASSED] - Navigate to 'https://metaldomsx.b2clogin.com/metaldomsx.onmicrosoft.com/b2c_1_identity_provider/oauth2/v2.0/authorize?response_type=id_token&scope=openid%20profile&client_id=a8322c90-a407-4733-ab42-7befe6ab3e2c&redirect_uri=https%3A%2F%2Fsxmetaldomfe.azurewebsites.net%2F&state=eyJpZCI6IjFjNmNkMTJkLTY1YjYtNDc4ZS1hMjYwLTc5OTg5ZmRhNzk4MiIsInRzIjoxNjE3OTA2NTgwLCJtZXRob2QiOiJyZWRpcmVjdEludGVyYWN0aW9uIn0%3D&nonce=eb69c372-acb1-4163-8f5b-c25aec8069a5&client_info=1&x-client-SKU=MSAL.JS&x-client-Ver=msal&client-request-id=e9d838ff-741e-4e5e-8e48-e0c967052cf2&response_mode=fragment' successfully

2021-04-16 11:38:48 - [TEST_STEP][PASSED] - verifyElementPresent(findTestObject("METALDOM_LOGIN/Page_Sign in/input_Username or email address_Username or email address"), 0): Object 'Object Repository/METALDOM_LOGIN/Page_Sign in/input_Username or email address_Username or email address' is present

2021-04-16 11:38:48 - [MESSAGE][WARNING] - Timeout '0' is invalid. Using default page load timeout: '30'

2021-04-16 11:38:49 - [MESSAGE][PASSED] - Object 'Object Repository/METALDOM_LOGIN/Page_Sign in/input_Username or email address_Username or email address' is present

2021-04-16 11:38:49 - [TEST_STEP][PASSED] - verifyElementPresent(findTestObject("METALDOM_LOGIN/Page_Sign in/input_Olvid su contrasea_Contrasea"), 0): Object 'Object Repository/METALDOM_LOGIN/Page_Sign in/input_Olvid su contrasea_Contrasea' is present

2021-04-16 11:38:49 - [MESSAGE][WARNING] - Timeout '0' is invalid. Using default page load timeout: '30'

2021-04-16 11:38:49 - [MESSAGE][PASSED] - Object 'Object Repository/METALDOM_LOGIN/Page_Sign in/input_Olvid su contrasea_Contrasea' is present

2021-04-16 11:38:49 - [TEST_STEP][PASSED] - focus(findTestObject("METALDOM_LOGIN/Page_Sign in/input_Username or email address_Username or email address")): Object: 'Object Repository/METALDOM_LOGIN/Page_Sign in/input_Username or email address_Username or email address' is focused

2021-04-16 11:38:49 - [MESSAGE][PASSED] - Object: 'Object Repository/METALDOM_LOGIN/Page_Sign in/input_Username or email address_Username or email address' is focused

2021-04-16 11:38:49 - [TEST_STEP][PASSED] - setText(findTestObject("METALDOM_LOGIN/Page_Sign in/input_Username or email address_Username or email address"), USER_EMAIL): Text 'diogenes.polanco@solvex.com.do' is set on object 'Object Repository/METALDOM_LOGIN/Page_Sign in/input_Username or email address_Username or email address'

2021-04-16 11:38:50 - [MESSAGE][PASSED] - Text 'diogenes.polanco@solvex.com.do' is set on object 'Object Repository/METALDOM_LOGIN/Page_Sign in/input_Username or email address_Username or email address'

2021-04-16 11:38:50 - [TEST_STEP][PASSED] - focus(findTestObject("METALDOM_LOGIN/Page_Sign in/input_Olvid su contrasea_Contrasea")): Object: 'Object Repository/METALDOM_LOGIN/Page_Sign in/input_Olvid su contrasea_Contrasea' is focused

2021-04-16 11:38:50 - [MESSAGE][PASSED] - Object: 'Object Repository/METALDOM_LOGIN/Page_Sign in/input_Olvid su contrasea_Contrasea' is focused

2021-04-16 11:38:50 - [TEST_STEP][PASSED] - setText(findTestObject("METALDOM_LOGIN/Page_Sign in/input_Olvid su contrasea_Contrasea"), PASS_EMAIL): Text '@n@05021990' is set on object 'Object Repository/METALDOM_LOGIN/Page_Sign in/input_Olvid su contrasea_Contrasea'

2021-04-16 11:38:50 - [MESSAGE][PASSED] - Text '@n@05021990' is set on object 'Object Repository/METALDOM_LOGIN/Page_Sign in/input_Olvid su contrasea_Contrasea'

2021-04-16 11:38:50 - [TEST_STEP][PASSED] - click(findTestObject("METALDOM_LOGIN/Page_Sign in/button_Iniciar sesin")): Object: 'Object Repository/METALDOM_LOGIN/Page_Sign in/button_Iniciar sesin' is clicked on

2021-04-16 11:38:50 - [MESSAGE][PASSED] - Object: 'Object Repository/METALDOM_LOGIN/Page_Sign in/button_Iniciar sesin' is clicked on

2021-04-16 11:38:50 - [TEST_STEP][PASSED] - waitForPageLoad(3): Wait for page load successfully

2021-04-16 11:38:50 - [MESSAGE][PASSED] - Wait for page load successfully

2021-04-16 11:38:50 - [TEST_STEP][PASSED] - delay(2): Delayed 2 second(s)

2021-04-16 11:38:52 - [MESSAGE][PASSED] - Delayed 2 second(s)

2021-04-16 11:38:52 - [MESSAGE][PASSED] - Call Test Case 'Test Cases/TEST-METALDOM/TEST-C-LOGIN-CORREO' successfully

2021-04-16 11:38:52 - [TEST_STEP][PASSED] - verifyElementPresent(findTestObject("METALDOM_OR/CONFIGURACION_PUNTOS_OR/Page_base-fe/span_Configuraciones de Puntos"), 0): Object 'Object Repository/METALDOM_OR/CONFIGURACION_PUNTOS_OR/Page_base-fe/span_Configuraciones de Puntos' is present

2021-04-16 11:38:52 - [MESSAGE][WARNING] - Timeout '0' is invalid. Using default page load timeout: '30'

2021-04-16 11:38:53 - [MESSAGE][PASSED] - Object 'Object Repository/METALDOM_OR/CONFIGURACION_PUNTOS_OR/Page_base-fe/span_Configuraciones de Puntos' is present

2021-04-16 11:38:53 - [TEST_STEP][PASSED] - waitForPageLoad(0): Wait for page load successfully

2021-04-16 11:38:53 - [MESSAGE][WARNING] - Timeout '0' is invalid. Using default page load timeout: '30'

2021-04-16 11:38:53 - [MESSAGE][PASSED] - Wait for page load successfully

2021-04-16 11:38:53 - [TEST_STEP][PASSED] - delay(5): Delayed 5 second(s)

2021-04-16 11:38:58 - [MESSAGE][PASSED] - Delayed 5 second(s)

2021-04-16 11:38:58 - [TEST_STEP][PASSED] - click(findTestObject("METALDOM_OR/CONFIGURACION_PUNTOS_OR/Page_base-fe/span_Configuraciones de Puntos")): Object: 'Object Repository/METALDOM_OR/CONFIGURACION_PUNTOS_OR/Page_base-fe/span_Configuraciones de Puntos' is clicked on

2021-04-16 11:38:58 - [MESSAGE][PASSED] - Object: 'Object Repository/METALDOM_OR/CONFIGURACION_PUNTOS_OR/Page_base-fe/span_Configuraciones de Puntos' is clicked on

2021-04-16 11:38:58 - [TEST_STEP][PASSED] - click(findTestObject("METALDOM_OR/CONFIGURACION_PUNTOS_OR/Page_base-fe/a_Agregar")): Object: 'Object Repository/METALDOM_OR/CONFIGURACION_PUNTOS_OR/Page_base-fe/a_Agregar' is clicked on

2021-04-16 11:38:59 - [MESSAGE][PASSED] - Object: 'Object Repository/METALDOM_OR/CONFIGURACION_PUNTOS_OR/Page_base-fe/a_Agregar' is clicked on

2021-04-16 11:38:59 - [TEST_STEP][PASSED] - scrollToElement(findTestObject("METALDOM_OR/CONFIGURACION_PUNTOS_OR/Page_base-fe/input_Valor de Toneladas_tonsValue"), 0): Scroll to object 'Object Repository/METALDOM_OR/CONFIGURACION_PUNTOS_OR/Page_base-fe/input_Valor de Toneladas_tonsValue' successfully

2021-04-16 11:38:59 - [MESSAGE][WARNING] - Timeout '0' is invalid. Using default page load timeout: '30'

2021-04-16 11:38:59 - [MESSAGE][PASSED] - Scroll to object 'Object Repository/METALDOM_OR/CONFIGURACION_PUNTOS_OR/Page_base-fe/input_Valor de Toneladas_tonsValue' successfully

2021-04-16 11:38:59 - [TEST_STEP][PASSED] - focus(findTestObject("METALDOM_OR/CONFIGURACION_PUNTOS_OR/Page_base-fe/input_Nombre_name")): Object: 'Object Repository/METALDOM_OR/CONFIGURACION_PUNTOS_OR/Page_base-fe/input_Nombre_name' is focused

2021-04-16 11:39:00 - [MESSAGE][PASSED] - Object: 'Object Repository/METALDOM_OR/CONFIGURACION_PUNTOS_OR/Page_base-fe/input_Nombre_name' is focused

2021-04-16 11:39:00 - [TEST_STEP][PASSED] - setText(findTestObject("METALDOM_OR/CONFIGURACION_PUNTOS_OR/Page_base-fe/input_Nombre_name"), PUNTOS_NOMBRE): Text 'PROMOCION DE VERANO' is set on object 'Object Repository/METALDOM_OR/CONFIGURACION_PUNTOS_OR/Page_base-fe/input_Nombre_name'

2021-04-16 11:39:00 - [MESSAGE][PASSED] - Text 'PROMOCION DE VERANO' is set on object 'Object Repository/METALDOM_OR/CONFIGURACION_PUNTOS_OR/Page_base-fe/input_Nombre_name'

2021-04-16 11:39:00 - [TEST_STEP][PASSED] - focus(findTestObject("METALDOM_OR/CONFIGURACION_PUNTOS_OR/Page_base-fe/input_Descripcin_description")): Object: 'Object Repository/METALDOM_OR/CONFIGURACION_PUNTOS_OR/Page_base-fe/input_Descripcin_description' is focused

2021-04-16 11:39:00 - [MESSAGE][PASSED] - Object: 'Object Repository/METALDOM_OR/CONFIGURACION_PUNTOS_OR/Page_base-fe/input_Descripcin_description' is focused

2021-04-16 11:39:00 - [TEST_STEP][PASSED] - setText(findTestObject("METALDOM_OR/CONFIGURACION_PUNTOS_OR/Page_base-fe/input_Descripcin_description"), PUNTOS_DESCRIPCION): Text '5 puntos por Ton' is set on object 'Object Repository/METALDOM_OR/CONFIGURACION_PUNTOS_OR/Page_base-fe/input_Descripcin_description'

2021-04-16 11:39:00 - [MESSAGE][PASSED] - Text '5 puntos por Ton' is set on object 'Object Repository/METALDOM_OR/CONFIGURACION_PUNTOS_OR/Page_base-fe/input_Descripcin_description'

2021-04-16 11:39:00 - [TEST_STEP][PASSED] - focus(findTestObject("METALDOM_OR/CONFIGURACION_PUNTOS_OR/Page_base-fe/input_Valor de Puntos_pointsValue")): Object: 'Object Repository/METALDOM_OR/CONFIGURACION_PUNTOS_OR/Page_base-fe/input_Valor de Puntos_pointsValue' is focused

2021-04-16 11:39:01 - [MESSAGE][PASSED] - Object: 'Object Repository/METALDOM_OR/CONFIGURACION_PUNTOS_OR/Page_base-fe/input_Valor de Puntos_pointsValue' is focused

2021-04-16 11:39:01 - [TEST_STEP][PASSED] - setText(findTestObject("METALDOM_OR/CONFIGURACION_PUNTOS_OR/Page_base-fe/input_Valor de Puntos_pointsValue"), PUNTOS_VALOR): Text '5' is set on object 'Object Repository/METALDOM_OR/CONFIGURACION_PUNTOS_OR/Page_base-fe/input_Valor de Puntos_pointsValue'

2021-04-16 11:39:01 - [MESSAGE][PASSED] - Text '5' is set on object 'Object Repository/METALDOM_OR/CONFIGURACION_PUNTOS_OR/Page_base-fe/input_Valor de Puntos_pointsValue'

2021-04-16 11:39:01 - [TEST_STEP][PASSED] - focus(findTestObject("METALDOM_OR/CONFIGURACION_PUNTOS_OR/Page_base-fe/input_Valor de Toneladas_tonsValue")): Object: 'Object Repository/METALDOM_OR/CONFIGURACION_PUNTOS_OR/Page_base-fe/input_Valor de Toneladas_tonsValue' is focused

2021-04-16 11:39:01 - [MESSAGE][PASSED] - Object: 'Object Repository/METALDOM_OR/CONFIGURACION_PUNTOS_OR/Page_base-fe/input_Valor de Toneladas_tonsValue' is focused

2021-04-16 11:39:01 - [TEST_STEP][PASSED] - setText(findTestObject("METALDOM_OR/CONFIGURACION_PUNTOS_OR/Page_base-fe/input_Valor de Toneladas_tonsValue"), PUNTOS_TONELADAS): Text '1' is set on object 'Object Repository/METALDOM_OR/CONFIGURACION_PUNTOS_OR/Page_base-fe/input_Valor de Toneladas_tonsValue'

2021-04-16 11:39:01 - [MESSAGE][PASSED] - Text '1' is set on object 'Object Repository/METALDOM_OR/CONFIGURACION_PUNTOS_OR/Page_base-fe/input_Valor de Toneladas_tonsValue'

2021-04-16 11:39:01 - [TEST_STEP][PASSED] - selectOptionByIndex(findTestObject("METALDOM_OR/CONFIGURACION_PUNTOS_OR/Page_base-fe/select_Tipos de espiracin  Vencimiento por das  Vencimiento por meses  Vencimiento por aos"), 2): All options with index in [2] are selected on object 'Object Repository/METALDOM_OR/CONFIGURACION_PUNTOS_OR/Page_base-fe/select_Tipos de espiracin  Vencimiento por das  Vencimiento por meses  Vencimiento por aos'

2021-04-16 11:39:01 - [MESSAGE][PASSED] - All options with index in [2] are selected on object 'Object Repository/METALDOM_OR/CONFIGURACION_PUNTOS_OR/Page_base-fe/select_Tipos de espiracin  Vencimiento por das  Vencimiento por meses  Vencimiento por aos'

2021-04-16 11:39:01 - [TEST_STEP][PASSED] - focus(findTestObject("METALDOM_OR/CONFIGURACION_PUNTOS_OR/Page_base-fe/input_Valor de tipo de expiracion_expirationTypeValue")): Object: 'Object Repository/METALDOM_OR/CONFIGURACION_PUNTOS_OR/Page_base-fe/input_Valor de tipo de expiracion_expirationTypeValue' is focused

2021-04-16 11:39:02 - [MESSAGE][PASSED] - Object: 'Object Repository/METALDOM_OR/CONFIGURACION_PUNTOS_OR/Page_base-fe/input_Valor de tipo de expiracion_expirationTypeValue' is focused

2021-04-16 11:39:02 - [TEST_STEP][PASSED] - setText(findTestObject("METALDOM_OR/CONFIGURACION_PUNTOS_OR/Page_base-fe/input_Valor de tipo de expiracion_expirationTypeValue"), PruebaPuntosExp): Text '6' is set on object 'Object Repository/METALDOM_OR/CONFIGURACION_PUNTOS_OR/Page_base-fe/input_Valor de tipo de expiracion_expirationTypeValue'

2021-04-16 11:39:02 - [MESSAGE][PASSED] - Text '6' is set on object 'Object Repository/METALDOM_OR/CONFIGURACION_PUNTOS_OR/Page_base-fe/input_Valor de tipo de expiracion_expirationTypeValue'

2021-04-16 11:39:02 - [TEST_STEP][PASSED] - delay(3): Delayed 3 second(s)

2021-04-16 11:39:05 - [MESSAGE][PASSED] - Delayed 3 second(s)

2021-04-16 11:39:05 - [TEST_STEP][PASSED] - click(findTestObject("Object Repository/PRUEBA DATEPICKER/FECHA")): Object: 'Object Repository/PRUEBA DATEPICKER/FECHA' is clicked on

2021-04-16 11:39:05 - [MESSAGE][PASSED] - Object: 'Object Repository/PRUEBA DATEPICKER/FECHA' is clicked on

2021-04-16 11:39:05 - [TEST_STEP][PASSED] - click(findTestObject("PRUEBA DATEPICKER/mes")): Object: 'Object Repository/PRUEBA DATEPICKER/mes' is clicked on

2021-04-16 11:39:05 - [MESSAGE][PASSED] - Object: 'Object Repository/PRUEBA DATEPICKER/mes' is clicked on

2021-04-16 11:39:05 - [TEST_STEP][PASSED] - selectOptionByIndex(findTestObject("PRUEBA DATEPICKER/mes"), 7): All options with index in [7] are selected on object 'Object Repository/PRUEBA DATEPICKER/mes'

2021-04-16 11:39:05 - [MESSAGE][PASSED] - All options with index in [7] are selected on object 'Object Repository/PRUEBA DATEPICKER/mes'

2021-04-16 11:39:05 - [TEST_STEP][PASSED] - click(findTestObject("PRUEBA DATEPICKER/dia")): Object: 'Object Repository/PRUEBA DATEPICKER/dia' is clicked on

2021-04-16 11:39:06 - [MESSAGE][PASSED] - Object: 'Object Repository/PRUEBA DATEPICKER/dia' is clicked on

2021-04-16 11:39:06 - [TEST_STEP][PASSED] - delay(2): Delayed 2 second(s)

2021-04-16 11:39:08 - [MESSAGE][PASSED] - Delayed 2 second(s)

2021-04-16 11:39:08 - [TEST_STEP][PASSED] - click(findTestObject("PRUEBA DATEPICKER/fechafin")): Object: 'Object Repository/PRUEBA DATEPICKER/fechafin' is clicked on

2021-04-16 11:39:08 - [MESSAGE][PASSED] - Object: 'Object Repository/PRUEBA DATEPICKER/fechafin' is clicked on

2021-04-16 11:39:08 - [TEST_STEP][PASSED] - click(findTestObject("PRUEBA DATEPICKER/mesfin")): Object: 'Object Repository/PRUEBA DATEPICKER/mesfin' is clicked on

2021-04-16 11:39:08 - [MESSAGE][PASSED] - Object: 'Object Repository/PRUEBA DATEPICKER/mesfin' is clicked on

2021-04-16 11:39:08 - [TEST_STEP][PASSED] - selectOptionByIndex(findTestObject("PRUEBA DATEPICKER/mesfin"), 10): All options with index in [10] are selected on object 'Object Repository/PRUEBA DATEPICKER/mesfin'

2021-04-16 11:39:08 - [MESSAGE][PASSED] - All options with index in [10] are selected on object 'Object Repository/PRUEBA DATEPICKER/mesfin'

2021-04-16 11:39:08 - [TEST_STEP][PASSED] - click(findTestObject("PRUEBA DATEPICKER/diafin")): Object: 'Object Repository/PRUEBA DATEPICKER/diafin' is clicked on

2021-04-16 11:39:09 - [MESSAGE][PASSED] - Object: 'Object Repository/PRUEBA DATEPICKER/diafin' is clicked on

2021-04-16 11:39:09 - [TEST_STEP][PASSED] - delay(4): Delayed 4 second(s)

2021-04-16 11:39:13 - [MESSAGE][PASSED] - Delayed 4 second(s)

2021-04-16 11:39:13 - [TEST_STEP][PASSED] - delay(3): Delayed 3 second(s)

2021-04-16 11:39:16 - [MESSAGE][PASSED] - Delayed 3 second(s)

2021-04-16 11:39:16 - [TEST_STEP][PASSED] - click(findTestObject("METALDOM_OR/CONFIGURACION_PUNTOS_OR/Page_base-fe/span_Guardar")): Object: 'Object Repository/METALDOM_OR/CONFIGURACION_PUNTOS_OR/Page_base-fe/span_Guardar' is clicked on

2021-04-16 11:39:16 - [MESSAGE][PASSED] - Object: 'Object Repository/METALDOM_OR/CONFIGURACION_PUNTOS_OR/Page_base-fe/span_Guardar' is clicked on

2021-04-16 11:39:16 - [TEST_STEP][PASSED] - delay(3): Delayed 3 second(s)

2021-04-16 11:39:19 - [MESSAGE][PASSED] - Delayed 3 second(s)]]></system-out>
         <system-err><![CDATA[]]></system-err>
      </testcase>
      <testcase name="Test Cases/TEST-METALDOM/TEST-C-BUSQUEDA_PREMIO" time="55.742" classname="Test Cases/TEST-METALDOM/TEST-C-BUSQUEDA_PREMIO" status="PASSED">
         <system-out><![CDATA[2021-04-16 11:39:19 - [TEST_CASE][PASSED] - Test Cases/TEST-METALDOM/TEST-C-BUSQUEDA_PREMIO: Test Cases/TEST-METALDOM/TEST-C-BUSQUEDA_PREMIO

2021-04-16 11:39:19 - [TEST_STEP][PASSED] - callTestCase(findTestCase("TEST-METALDOM/TEST-C-LOGIN-CORREO"), [:], STOP_ON_FAILURE): Call Test Case 'Test Cases/TEST-METALDOM/TEST-C-LOGIN-CORREO' successfully

2021-04-16 11:39:19 - [TEST_CASE][PASSED] - Test Cases/TEST-METALDOM/TEST-C-LOGIN-CORREO: Test Cases/TEST-METALDOM/TEST-C-LOGIN-CORREO

2021-04-16 11:39:19 - [TEST_STEP][PASSED] - openBrowser(""): Browser is opened with url: ''

2021-04-16 11:39:19 - [MESSAGE][WARNING] - A browser is already opened. Closing browser and opening a new one

2021-04-16 11:39:20 - [MESSAGE][INFO] - Starting 'Edge Chromium' driver

2021-04-16 11:39:21 - [MESSAGE][INFO] - Action delay is set to 0 milliseconds

2021-04-16 11:39:21 - [MESSAGE][PASSED] - Browser is opened with url: ''

2021-04-16 11:39:21 - [TEST_STEP][PASSED] - maximizeWindow(): Current window maximized

2021-04-16 11:39:21 - [MESSAGE][PASSED] - Current window maximized

2021-04-16 11:39:21 - [TEST_STEP][PASSED] - navigateToUrl("https://metaldomsx.b2clogin.com/metaldomsx.onmicrosoft.com/b2c_1_identity_provider/oauth2/v2.0/authorize?response_type=id_token&scope=openid%20profile&client_id=a8322c90-a407-4733-ab42-7befe6ab3e2c&redirect_uri=https%3A%2F%2Fsxmetaldomfe.azurewebsites.net%2F&state=eyJpZCI6IjFjNmNkMTJkLTY1YjYtNDc4ZS1hMjYwLTc5OTg5ZmRhNzk4MiIsInRzIjoxNjE3OTA2NTgwLCJtZXRob2QiOiJyZWRpcmVjdEludGVyYWN0aW9uIn0%3D&nonce=eb69c372-acb1-4163-8f5b-c25aec8069a5&client_info=1&x-client-SKU=MSAL.JS&x-client-Ver=msal&client-request-id=e9d838ff-741e-4e5e-8e48-e0c967052cf2&response_mode=fragment"): Navigate to 'https://metaldomsx.b2clogin.com/metaldomsx.onmicrosoft.com/b2c_1_identity_provider/oauth2/v2.0/authorize?response_type=id_token&scope=openid%20profile&client_id=a8322c90-a407-4733-ab42-7befe6ab3e2c&redirect_uri=https%3A%2F%2Fsxmetaldomfe.azurewebsites.net%2F&state=eyJpZCI6IjFjNmNkMTJkLTY1YjYtNDc4ZS1hMjYwLTc5OTg5ZmRhNzk4MiIsInRzIjoxNjE3OTA2NTgwLCJtZXRob2QiOiJyZWRpcmVjdEludGVyYWN0aW9uIn0%3D&nonce=eb69c372-acb1-4163-8f5b-c25aec8069a5&client_info=1&x-client-SKU=MSAL.JS&x-client-Ver=msal&client-request-id=e9d838ff-741e-4e5e-8e48-e0c967052cf2&response_mode=fragment' successfully

2021-04-16 11:39:23 - [MESSAGE][PASSED] - Navigate to 'https://metaldomsx.b2clogin.com/metaldomsx.onmicrosoft.com/b2c_1_identity_provider/oauth2/v2.0/authorize?response_type=id_token&scope=openid%20profile&client_id=a8322c90-a407-4733-ab42-7befe6ab3e2c&redirect_uri=https%3A%2F%2Fsxmetaldomfe.azurewebsites.net%2F&state=eyJpZCI6IjFjNmNkMTJkLTY1YjYtNDc4ZS1hMjYwLTc5OTg5ZmRhNzk4MiIsInRzIjoxNjE3OTA2NTgwLCJtZXRob2QiOiJyZWRpcmVjdEludGVyYWN0aW9uIn0%3D&nonce=eb69c372-acb1-4163-8f5b-c25aec8069a5&client_info=1&x-client-SKU=MSAL.JS&x-client-Ver=msal&client-request-id=e9d838ff-741e-4e5e-8e48-e0c967052cf2&response_mode=fragment' successfully

2021-04-16 11:39:23 - [TEST_STEP][PASSED] - verifyElementPresent(findTestObject("METALDOM_LOGIN/Page_Sign in/input_Username or email address_Username or email address"), 0): Object 'Object Repository/METALDOM_LOGIN/Page_Sign in/input_Username or email address_Username or email address' is present

2021-04-16 11:39:23 - [MESSAGE][WARNING] - Timeout '0' is invalid. Using default page load timeout: '30'

2021-04-16 11:39:24 - [MESSAGE][PASSED] - Object 'Object Repository/METALDOM_LOGIN/Page_Sign in/input_Username or email address_Username or email address' is present

2021-04-16 11:39:24 - [TEST_STEP][PASSED] - verifyElementPresent(findTestObject("METALDOM_LOGIN/Page_Sign in/input_Olvid su contrasea_Contrasea"), 0): Object 'Object Repository/METALDOM_LOGIN/Page_Sign in/input_Olvid su contrasea_Contrasea' is present

2021-04-16 11:39:24 - [MESSAGE][WARNING] - Timeout '0' is invalid. Using default page load timeout: '30'

2021-04-16 11:39:24 - [MESSAGE][PASSED] - Object 'Object Repository/METALDOM_LOGIN/Page_Sign in/input_Olvid su contrasea_Contrasea' is present

2021-04-16 11:39:24 - [TEST_STEP][PASSED] - focus(findTestObject("METALDOM_LOGIN/Page_Sign in/input_Username or email address_Username or email address")): Object: 'Object Repository/METALDOM_LOGIN/Page_Sign in/input_Username or email address_Username or email address' is focused

2021-04-16 11:39:25 - [MESSAGE][PASSED] - Object: 'Object Repository/METALDOM_LOGIN/Page_Sign in/input_Username or email address_Username or email address' is focused

2021-04-16 11:39:25 - [TEST_STEP][PASSED] - setText(findTestObject("METALDOM_LOGIN/Page_Sign in/input_Username or email address_Username or email address"), USER_EMAIL): Text 'diogenes.polanco@solvex.com.do' is set on object 'Object Repository/METALDOM_LOGIN/Page_Sign in/input_Username or email address_Username or email address'

2021-04-16 11:39:25 - [MESSAGE][PASSED] - Text 'diogenes.polanco@solvex.com.do' is set on object 'Object Repository/METALDOM_LOGIN/Page_Sign in/input_Username or email address_Username or email address'

2021-04-16 11:39:25 - [TEST_STEP][PASSED] - focus(findTestObject("METALDOM_LOGIN/Page_Sign in/input_Olvid su contrasea_Contrasea")): Object: 'Object Repository/METALDOM_LOGIN/Page_Sign in/input_Olvid su contrasea_Contrasea' is focused

2021-04-16 11:39:25 - [MESSAGE][PASSED] - Object: 'Object Repository/METALDOM_LOGIN/Page_Sign in/input_Olvid su contrasea_Contrasea' is focused

2021-04-16 11:39:25 - [TEST_STEP][PASSED] - setText(findTestObject("METALDOM_LOGIN/Page_Sign in/input_Olvid su contrasea_Contrasea"), PASS_EMAIL): Text '@n@05021990' is set on object 'Object Repository/METALDOM_LOGIN/Page_Sign in/input_Olvid su contrasea_Contrasea'

2021-04-16 11:39:25 - [MESSAGE][PASSED] - Text '@n@05021990' is set on object 'Object Repository/METALDOM_LOGIN/Page_Sign in/input_Olvid su contrasea_Contrasea'

2021-04-16 11:39:25 - [TEST_STEP][PASSED] - click(findTestObject("METALDOM_LOGIN/Page_Sign in/button_Iniciar sesin")): Object: 'Object Repository/METALDOM_LOGIN/Page_Sign in/button_Iniciar sesin' is clicked on

2021-04-16 11:39:25 - [MESSAGE][PASSED] - Object: 'Object Repository/METALDOM_LOGIN/Page_Sign in/button_Iniciar sesin' is clicked on

2021-04-16 11:39:25 - [TEST_STEP][PASSED] - waitForPageLoad(3): Wait for page load successfully

2021-04-16 11:39:25 - [MESSAGE][PASSED] - Wait for page load successfully

2021-04-16 11:39:25 - [TEST_STEP][PASSED] - delay(2): Delayed 2 second(s)

2021-04-16 11:39:28 - [MESSAGE][PASSED] - Delayed 2 second(s)

2021-04-16 11:39:28 - [MESSAGE][PASSED] - Call Test Case 'Test Cases/TEST-METALDOM/TEST-C-LOGIN-CORREO' successfully

2021-04-16 11:39:28 - [TEST_STEP][PASSED] - waitForPageLoad(0): Wait for page load successfully

2021-04-16 11:39:28 - [MESSAGE][WARNING] - Timeout '0' is invalid. Using default page load timeout: '30'

2021-04-16 11:39:29 - [MESSAGE][PASSED] - Wait for page load successfully

2021-04-16 11:39:29 - [TEST_STEP][PASSED] - delay(3): Delayed 3 second(s)

2021-04-16 11:39:32 - [MESSAGE][PASSED] - Delayed 3 second(s)

2021-04-16 11:39:32 - [TEST_STEP][PASSED] - verifyElementPresent(findTestObject("METALDOM_OR/BUSCADOR/Page_base-fe/span_Configuraciones de Premios"), 0): Object 'Object Repository/METALDOM_OR/BUSCADOR/Page_base-fe/span_Configuraciones de Premios' is present

2021-04-16 11:39:32 - [MESSAGE][WARNING] - Timeout '0' is invalid. Using default page load timeout: '30'

2021-04-16 11:39:33 - [MESSAGE][PASSED] - Object 'Object Repository/METALDOM_OR/BUSCADOR/Page_base-fe/span_Configuraciones de Premios' is present

2021-04-16 11:39:33 - [TEST_STEP][PASSED] - delay(3): Delayed 3 second(s)

2021-04-16 11:39:36 - [MESSAGE][PASSED] - Delayed 3 second(s)

2021-04-16 11:39:36 - [TEST_STEP][PASSED] - click(findTestObject("METALDOM_OR/BUSCADOR/Page_base-fe/span_Configuraciones de Premios")): Object: 'Object Repository/METALDOM_OR/BUSCADOR/Page_base-fe/span_Configuraciones de Premios' is clicked on

2021-04-16 11:39:36 - [MESSAGE][PASSED] - Object: 'Object Repository/METALDOM_OR/BUSCADOR/Page_base-fe/span_Configuraciones de Premios' is clicked on

2021-04-16 11:39:36 - [TEST_STEP][PASSED] - for ([rowdata = 1, rowdata <= findTestData("Data Files/DATA METALDOM/BUSQUEDA_PREMIOS").getRowNumbers(), (rowdata++)]): Refresh successfully

2021-04-16 11:39:36 - [TEST_STEP][PASSED] - waitForPageLoad(0): Wait for page load successfully

2021-04-16 11:39:36 - [MESSAGE][WARNING] - Timeout '0' is invalid. Using default page load timeout: '30'

2021-04-16 11:39:36 - [MESSAGE][PASSED] - Wait for page load successfully

2021-04-16 11:39:36 - [TEST_STEP][PASSED] - scrollToPosition(0, 15): Browser is scrolled to position x = 0, y = 15

2021-04-16 11:39:36 - [MESSAGE][PASSED] - Browser is scrolled to position x = 0, y = 15

2021-04-16 11:39:36 - [TEST_STEP][PASSED] - verifyElementPresent(findTestObject("METALDOM_OR/BUSCADOR/Page_base-fe/input_Buscar por nombre_input is-medium"), 0): Object 'Object Repository/METALDOM_OR/BUSCADOR/Page_base-fe/input_Buscar por nombre_input is-medium' is present

2021-04-16 11:39:36 - [MESSAGE][WARNING] - Timeout '0' is invalid. Using default page load timeout: '30'

2021-04-16 11:39:36 - [MESSAGE][PASSED] - Object 'Object Repository/METALDOM_OR/BUSCADOR/Page_base-fe/input_Buscar por nombre_input is-medium' is present

2021-04-16 11:39:36 - [TEST_STEP][PASSED] - focus(findTestObject("METALDOM_OR/BUSCADOR/Page_base-fe/input_Buscar por nombre_input is-medium")): Object: 'Object Repository/METALDOM_OR/BUSCADOR/Page_base-fe/input_Buscar por nombre_input is-medium' is focused

2021-04-16 11:39:36 - [MESSAGE][PASSED] - Object: 'Object Repository/METALDOM_OR/BUSCADOR/Page_base-fe/input_Buscar por nombre_input is-medium' is focused

2021-04-16 11:39:36 - [TEST_STEP][PASSED] - setText(findTestObject("Object Repository/METALDOM_OR/BUSCADOR/Page_base-fe/input_Buscar por nombre_input is-medium"), findTestData("Data Files/DATA METALDOM/BUSQUEDA_PREMIOS").getValue(1, rowdata)): Text 'AURICULARES' is set on object 'Object Repository/METALDOM_OR/BUSCADOR/Page_base-fe/input_Buscar por nombre_input is-medium'

2021-04-16 11:39:37 - [MESSAGE][PASSED] - Text 'AURICULARES' is set on object 'Object Repository/METALDOM_OR/BUSCADOR/Page_base-fe/input_Buscar por nombre_input is-medium'

2021-04-16 11:39:37 - [TEST_STEP][PASSED] - delay(3): Delayed 3 second(s)

2021-04-16 11:39:40 - [MESSAGE][PASSED] - Delayed 3 second(s)

2021-04-16 11:39:40 - [TEST_STEP][PASSED] - sendKeys(findTestObject("METALDOM_OR/BUSCADOR/Page_base-fe/input_Buscar por nombre_input is-medium"), Keys.chord(ENTER)): Keys 'ENTER + ' sent to object: 'Object Repository/METALDOM_OR/BUSCADOR/Page_base-fe/input_Buscar por nombre_input is-medium'

2021-04-16 11:39:40 - [MESSAGE][PASSED] - Keys 'ENTER + ' sent to object: 'Object Repository/METALDOM_OR/BUSCADOR/Page_base-fe/input_Buscar por nombre_input is-medium'

2021-04-16 11:39:40 - [TEST_STEP][PASSED] - scrollToPosition(0, 20): Browser is scrolled to position x = 0, y = 20

2021-04-16 11:39:40 - [MESSAGE][PASSED] - Browser is scrolled to position x = 0, y = 20

2021-04-16 11:39:40 - [TEST_STEP][PASSED] - delay(3): Delayed 3 second(s)

2021-04-16 11:39:43 - [MESSAGE][PASSED] - Delayed 3 second(s)

2021-04-16 11:39:43 - [TEST_STEP][PASSED] - refresh(): Refresh successfully

2021-04-16 11:39:43 - [MESSAGE][PASSED] - Refresh successfully

2021-04-16 11:39:43 - [TEST_STEP][PASSED] - waitForPageLoad(0): Wait for page load successfully

2021-04-16 11:39:43 - [MESSAGE][WARNING] - Timeout '0' is invalid. Using default page load timeout: '30'

2021-04-16 11:39:43 - [MESSAGE][PASSED] - Wait for page load successfully

2021-04-16 11:39:43 - [TEST_STEP][PASSED] - scrollToPosition(0, 15): Browser is scrolled to position x = 0, y = 15

2021-04-16 11:39:43 - [MESSAGE][PASSED] - Browser is scrolled to position x = 0, y = 15

2021-04-16 11:39:43 - [TEST_STEP][PASSED] - verifyElementPresent(findTestObject("METALDOM_OR/BUSCADOR/Page_base-fe/input_Buscar por nombre_input is-medium"), 0): Object 'Object Repository/METALDOM_OR/BUSCADOR/Page_base-fe/input_Buscar por nombre_input is-medium' is present

2021-04-16 11:39:43 - [MESSAGE][WARNING] - Timeout '0' is invalid. Using default page load timeout: '30'

2021-04-16 11:39:43 - [MESSAGE][PASSED] - Object 'Object Repository/METALDOM_OR/BUSCADOR/Page_base-fe/input_Buscar por nombre_input is-medium' is present

2021-04-16 11:39:43 - [TEST_STEP][PASSED] - focus(findTestObject("METALDOM_OR/BUSCADOR/Page_base-fe/input_Buscar por nombre_input is-medium")): Object: 'Object Repository/METALDOM_OR/BUSCADOR/Page_base-fe/input_Buscar por nombre_input is-medium' is focused

2021-04-16 11:39:43 - [MESSAGE][PASSED] - Object: 'Object Repository/METALDOM_OR/BUSCADOR/Page_base-fe/input_Buscar por nombre_input is-medium' is focused

2021-04-16 11:39:43 - [TEST_STEP][PASSED] - setText(findTestObject("Object Repository/METALDOM_OR/BUSCADOR/Page_base-fe/input_Buscar por nombre_input is-medium"), findTestData("Data Files/DATA METALDOM/BUSQUEDA_PREMIOS").getValue(1, rowdata)): Text 'PATINETA' is set on object 'Object Repository/METALDOM_OR/BUSCADOR/Page_base-fe/input_Buscar por nombre_input is-medium'

2021-04-16 11:39:44 - [MESSAGE][PASSED] - Text 'PATINETA' is set on object 'Object Repository/METALDOM_OR/BUSCADOR/Page_base-fe/input_Buscar por nombre_input is-medium'

2021-04-16 11:39:44 - [TEST_STEP][PASSED] - delay(3): Delayed 3 second(s)

2021-04-16 11:39:47 - [MESSAGE][PASSED] - Delayed 3 second(s)

2021-04-16 11:39:47 - [TEST_STEP][PASSED] - sendKeys(findTestObject("METALDOM_OR/BUSCADOR/Page_base-fe/input_Buscar por nombre_input is-medium"), Keys.chord(ENTER)): Keys 'ENTER + ' sent to object: 'Object Repository/METALDOM_OR/BUSCADOR/Page_base-fe/input_Buscar por nombre_input is-medium'

2021-04-16 11:39:47 - [MESSAGE][PASSED] - Keys 'ENTER + ' sent to object: 'Object Repository/METALDOM_OR/BUSCADOR/Page_base-fe/input_Buscar por nombre_input is-medium'

2021-04-16 11:39:47 - [TEST_STEP][PASSED] - scrollToPosition(0, 20): Browser is scrolled to position x = 0, y = 20

2021-04-16 11:39:47 - [MESSAGE][PASSED] - Browser is scrolled to position x = 0, y = 20

2021-04-16 11:39:47 - [TEST_STEP][PASSED] - delay(3): Delayed 3 second(s)

2021-04-16 11:39:50 - [MESSAGE][PASSED] - Delayed 3 second(s)

2021-04-16 11:39:50 - [TEST_STEP][PASSED] - refresh(): Refresh successfully

2021-04-16 11:39:50 - [MESSAGE][PASSED] - Refresh successfully

2021-04-16 11:39:50 - [TEST_STEP][PASSED] - waitForPageLoad(0): Wait for page load successfully

2021-04-16 11:39:50 - [MESSAGE][WARNING] - Timeout '0' is invalid. Using default page load timeout: '30'

2021-04-16 11:39:50 - [MESSAGE][PASSED] - Wait for page load successfully

2021-04-16 11:39:50 - [TEST_STEP][PASSED] - scrollToPosition(0, 15): Browser is scrolled to position x = 0, y = 15

2021-04-16 11:39:50 - [MESSAGE][PASSED] - Browser is scrolled to position x = 0, y = 15

2021-04-16 11:39:50 - [TEST_STEP][PASSED] - verifyElementPresent(findTestObject("METALDOM_OR/BUSCADOR/Page_base-fe/input_Buscar por nombre_input is-medium"), 0): Object 'Object Repository/METALDOM_OR/BUSCADOR/Page_base-fe/input_Buscar por nombre_input is-medium' is present

2021-04-16 11:39:50 - [MESSAGE][WARNING] - Timeout '0' is invalid. Using default page load timeout: '30'

2021-04-16 11:39:50 - [MESSAGE][PASSED] - Object 'Object Repository/METALDOM_OR/BUSCADOR/Page_base-fe/input_Buscar por nombre_input is-medium' is present

2021-04-16 11:39:50 - [TEST_STEP][PASSED] - focus(findTestObject("METALDOM_OR/BUSCADOR/Page_base-fe/input_Buscar por nombre_input is-medium")): Object: 'Object Repository/METALDOM_OR/BUSCADOR/Page_base-fe/input_Buscar por nombre_input is-medium' is focused

2021-04-16 11:39:51 - [MESSAGE][PASSED] - Object: 'Object Repository/METALDOM_OR/BUSCADOR/Page_base-fe/input_Buscar por nombre_input is-medium' is focused

2021-04-16 11:39:51 - [TEST_STEP][PASSED] - setText(findTestObject("Object Repository/METALDOM_OR/BUSCADOR/Page_base-fe/input_Buscar por nombre_input is-medium"), findTestData("Data Files/DATA METALDOM/BUSQUEDA_PREMIOS").getValue(1, rowdata)): Text 'Computadora' is set on object 'Object Repository/METALDOM_OR/BUSCADOR/Page_base-fe/input_Buscar por nombre_input is-medium'

2021-04-16 11:39:51 - [MESSAGE][PASSED] - Text 'Computadora' is set on object 'Object Repository/METALDOM_OR/BUSCADOR/Page_base-fe/input_Buscar por nombre_input is-medium'

2021-04-16 11:39:51 - [TEST_STEP][PASSED] - delay(3): Delayed 3 second(s)

2021-04-16 11:39:54 - [MESSAGE][PASSED] - Delayed 3 second(s)

2021-04-16 11:39:54 - [TEST_STEP][PASSED] - sendKeys(findTestObject("METALDOM_OR/BUSCADOR/Page_base-fe/input_Buscar por nombre_input is-medium"), Keys.chord(ENTER)): Keys 'ENTER + ' sent to object: 'Object Repository/METALDOM_OR/BUSCADOR/Page_base-fe/input_Buscar por nombre_input is-medium'

2021-04-16 11:39:54 - [MESSAGE][PASSED] - Keys 'ENTER + ' sent to object: 'Object Repository/METALDOM_OR/BUSCADOR/Page_base-fe/input_Buscar por nombre_input is-medium'

2021-04-16 11:39:54 - [TEST_STEP][PASSED] - scrollToPosition(0, 20): Browser is scrolled to position x = 0, y = 20

2021-04-16 11:39:54 - [MESSAGE][PASSED] - Browser is scrolled to position x = 0, y = 20

2021-04-16 11:39:54 - [TEST_STEP][PASSED] - delay(3): Delayed 3 second(s)

2021-04-16 11:39:57 - [MESSAGE][PASSED] - Delayed 3 second(s)

2021-04-16 11:39:57 - [TEST_STEP][PASSED] - refresh(): Refresh successfully

2021-04-16 11:39:57 - [MESSAGE][PASSED] - Refresh successfully

2021-04-16 11:39:57 - [TEST_STEP][PASSED] - waitForPageLoad(0): Wait for page load successfully

2021-04-16 11:39:57 - [MESSAGE][WARNING] - Timeout '0' is invalid. Using default page load timeout: '30'

2021-04-16 11:39:57 - [MESSAGE][PASSED] - Wait for page load successfully

2021-04-16 11:39:57 - [TEST_STEP][PASSED] - scrollToPosition(0, 15): Browser is scrolled to position x = 0, y = 15

2021-04-16 11:39:57 - [MESSAGE][PASSED] - Browser is scrolled to position x = 0, y = 15

2021-04-16 11:39:57 - [TEST_STEP][PASSED] - verifyElementPresent(findTestObject("METALDOM_OR/BUSCADOR/Page_base-fe/input_Buscar por nombre_input is-medium"), 0): Object 'Object Repository/METALDOM_OR/BUSCADOR/Page_base-fe/input_Buscar por nombre_input is-medium' is present

2021-04-16 11:39:57 - [MESSAGE][WARNING] - Timeout '0' is invalid. Using default page load timeout: '30'

2021-04-16 11:39:57 - [MESSAGE][PASSED] - Object 'Object Repository/METALDOM_OR/BUSCADOR/Page_base-fe/input_Buscar por nombre_input is-medium' is present

2021-04-16 11:39:57 - [TEST_STEP][PASSED] - focus(findTestObject("METALDOM_OR/BUSCADOR/Page_base-fe/input_Buscar por nombre_input is-medium")): Object: 'Object Repository/METALDOM_OR/BUSCADOR/Page_base-fe/input_Buscar por nombre_input is-medium' is focused

2021-04-16 11:39:58 - [MESSAGE][PASSED] - Object: 'Object Repository/METALDOM_OR/BUSCADOR/Page_base-fe/input_Buscar por nombre_input is-medium' is focused

2021-04-16 11:39:58 - [TEST_STEP][PASSED] - setText(findTestObject("Object Repository/METALDOM_OR/BUSCADOR/Page_base-fe/input_Buscar por nombre_input is-medium"), findTestData("Data Files/DATA METALDOM/BUSQUEDA_PREMIOS").getValue(1, rowdata)): Text 'Iphone' is set on object 'Object Repository/METALDOM_OR/BUSCADOR/Page_base-fe/input_Buscar por nombre_input is-medium'

2021-04-16 11:39:58 - [MESSAGE][PASSED] - Text 'Iphone' is set on object 'Object Repository/METALDOM_OR/BUSCADOR/Page_base-fe/input_Buscar por nombre_input is-medium'

2021-04-16 11:39:58 - [TEST_STEP][PASSED] - delay(3): Delayed 3 second(s)

2021-04-16 11:40:01 - [MESSAGE][PASSED] - Delayed 3 second(s)

2021-04-16 11:40:01 - [TEST_STEP][PASSED] - sendKeys(findTestObject("METALDOM_OR/BUSCADOR/Page_base-fe/input_Buscar por nombre_input is-medium"), Keys.chord(ENTER)): Keys 'ENTER + ' sent to object: 'Object Repository/METALDOM_OR/BUSCADOR/Page_base-fe/input_Buscar por nombre_input is-medium'

2021-04-16 11:40:01 - [MESSAGE][PASSED] - Keys 'ENTER + ' sent to object: 'Object Repository/METALDOM_OR/BUSCADOR/Page_base-fe/input_Buscar por nombre_input is-medium'

2021-04-16 11:40:01 - [TEST_STEP][PASSED] - scrollToPosition(0, 20): Browser is scrolled to position x = 0, y = 20

2021-04-16 11:40:01 - [MESSAGE][PASSED] - Browser is scrolled to position x = 0, y = 20

2021-04-16 11:40:01 - [TEST_STEP][PASSED] - delay(3): Delayed 3 second(s)

2021-04-16 11:40:04 - [MESSAGE][PASSED] - Delayed 3 second(s)

2021-04-16 11:40:04 - [TEST_STEP][PASSED] - refresh(): Refresh successfully

2021-04-16 11:40:04 - [MESSAGE][PASSED] - Refresh successfully

2021-04-16 11:40:04 - [TEST_STEP][PASSED] - waitForPageLoad(0): Wait for page load successfully

2021-04-16 11:40:04 - [MESSAGE][WARNING] - Timeout '0' is invalid. Using default page load timeout: '30'

2021-04-16 11:40:04 - [MESSAGE][PASSED] - Wait for page load successfully

2021-04-16 11:40:04 - [TEST_STEP][PASSED] - scrollToPosition(0, 15): Browser is scrolled to position x = 0, y = 15

2021-04-16 11:40:04 - [MESSAGE][PASSED] - Browser is scrolled to position x = 0, y = 15

2021-04-16 11:40:04 - [TEST_STEP][PASSED] - verifyElementPresent(findTestObject("METALDOM_OR/BUSCADOR/Page_base-fe/input_Buscar por nombre_input is-medium"), 0): Object 'Object Repository/METALDOM_OR/BUSCADOR/Page_base-fe/input_Buscar por nombre_input is-medium' is present

2021-04-16 11:40:05 - [MESSAGE][WARNING] - Timeout '0' is invalid. Using default page load timeout: '30'

2021-04-16 11:40:05 - [MESSAGE][PASSED] - Object 'Object Repository/METALDOM_OR/BUSCADOR/Page_base-fe/input_Buscar por nombre_input is-medium' is present

2021-04-16 11:40:05 - [TEST_STEP][PASSED] - focus(findTestObject("METALDOM_OR/BUSCADOR/Page_base-fe/input_Buscar por nombre_input is-medium")): Object: 'Object Repository/METALDOM_OR/BUSCADOR/Page_base-fe/input_Buscar por nombre_input is-medium' is focused

2021-04-16 11:40:05 - [MESSAGE][PASSED] - Object: 'Object Repository/METALDOM_OR/BUSCADOR/Page_base-fe/input_Buscar por nombre_input is-medium' is focused

2021-04-16 11:40:05 - [TEST_STEP][PASSED] - setText(findTestObject("Object Repository/METALDOM_OR/BUSCADOR/Page_base-fe/input_Buscar por nombre_input is-medium"), findTestData("Data Files/DATA METALDOM/BUSQUEDA_PREMIOS").getValue(1, rowdata)): Text 'Tableta' is set on object 'Object Repository/METALDOM_OR/BUSCADOR/Page_base-fe/input_Buscar por nombre_input is-medium'

2021-04-16 11:40:05 - [MESSAGE][PASSED] - Text 'Tableta' is set on object 'Object Repository/METALDOM_OR/BUSCADOR/Page_base-fe/input_Buscar por nombre_input is-medium'

2021-04-16 11:40:05 - [TEST_STEP][PASSED] - delay(3): Delayed 3 second(s)

2021-04-16 11:40:08 - [MESSAGE][PASSED] - Delayed 3 second(s)

2021-04-16 11:40:08 - [TEST_STEP][PASSED] - sendKeys(findTestObject("METALDOM_OR/BUSCADOR/Page_base-fe/input_Buscar por nombre_input is-medium"), Keys.chord(ENTER)): Keys 'ENTER + ' sent to object: 'Object Repository/METALDOM_OR/BUSCADOR/Page_base-fe/input_Buscar por nombre_input is-medium'

2021-04-16 11:40:08 - [MESSAGE][PASSED] - Keys 'ENTER + ' sent to object: 'Object Repository/METALDOM_OR/BUSCADOR/Page_base-fe/input_Buscar por nombre_input is-medium'

2021-04-16 11:40:08 - [TEST_STEP][PASSED] - scrollToPosition(0, 20): Browser is scrolled to position x = 0, y = 20

2021-04-16 11:40:08 - [MESSAGE][PASSED] - Browser is scrolled to position x = 0, y = 20

2021-04-16 11:40:08 - [TEST_STEP][PASSED] - delay(3): Delayed 3 second(s)

2021-04-16 11:40:11 - [MESSAGE][PASSED] - Delayed 3 second(s)

2021-04-16 11:40:11 - [TEST_STEP][PASSED] - refresh(): Refresh successfully

2021-04-16 11:40:11 - [MESSAGE][PASSED] - Refresh successfully

2021-04-16 11:40:11 - [TEST_STEP][PASSED] - delay(3): Delayed 3 second(s)

2021-04-16 11:40:14 - [MESSAGE][PASSED] - Delayed 3 second(s)]]></system-out>
         <system-err><![CDATA[]]></system-err>
      </testcase>
      <system-out><![CDATA[2021-04-16 11:36:43 - [TEST_SUITE][PASSED] - TEST_S_METALDOM_EV: Test Cases/TEST-METALDOM/TEST-C-BUSQUEDA_PREMIO]]></system-out>
      <system-err><![CDATA[]]></system-err>
   </testsuite>
</testsuites>
